Build output check failed:
    Regex: 'unknown .*option'
    Output line: 'warning: unknown warning option '-Wno-deprecated-enum-enum-conversion', did you mean '-Wno-bitfield-enum-conversion'? [-Wunknown-warning-option]'
Compilation failed:
    source file: '/Users/tejaswin.p/THIS_LAPTOP_projects/c00lHaX/mapping_init/github/build/CMakeFiles/CMakeTmp/src.cxx'
    check option: ' -fsigned-char -W -Wall -Werror=return-type -Werror=non-virtual-dtor -Werror=address -Werror=sequence-point -Wformat -Werror=format-security -Wmissing-declarations -Wmissing-prototypes -Wstrict-prototypes -Wundef -Winit-self -Wpointer-arith -Wshadow -Wsign-promo -Wuninitialized -Winit-self -Wno-delete-non-virtual-dtor -Wno-unnamed-type-template-args -Wno-comment  -Wno-deprecated-enum-enum-conversion'
===== BUILD LOG =====
Change Dir: /Users/tejaswin.p/THIS_LAPTOP_projects/c00lHaX/mapping_init/github/build/CMakeFiles/CMakeTmp

Run Build Command(s):/usr/bin/make cmTC_0dac6/fast && /Library/Developer/CommandLineTools/usr/bin/make  -f CMakeFiles/cmTC_0dac6.dir/build.make CMakeFiles/cmTC_0dac6.dir/build
Building CXX object CMakeFiles/cmTC_0dac6.dir/src.cxx.o
/Library/Developer/CommandLineTools/usr/bin/c++   -O3 -DNDEBUG -isysroot /Library/Developer/CommandLineTools/SDKs/MacOSX10.14.sdk -fPIE    -fsigned-char -W -Wall -Werror=return-type -Werror=non-virtual-dtor -Werror=address -Werror=sequence-point -Wformat -Werror=format-security -Wmissing-declarations -Wmissing-prototypes -Wstrict-prototypes -Wundef -Winit-self -Wpointer-arith -Wshadow -Wsign-promo -Wuninitialized -Winit-self -Wno-delete-non-virtual-dtor -Wno-unnamed-type-template-args -Wno-comment  -Wno-deprecated-enum-enum-conversion -std=c++11 -o CMakeFiles/cmTC_0dac6.dir/src.cxx.o -c /Users/tejaswin.p/THIS_LAPTOP_projects/c00lHaX/mapping_init/github/build/CMakeFiles/CMakeTmp/src.cxx
warning: unknown warning option '-Wno-deprecated-enum-enum-conversion'; did you mean '-Wno-bitfield-enum-conversion'? [-Wunknown-warning-option]
/Users/tejaswin.p/THIS_LAPTOP_projects/c00lHaX/mapping_init/github/build/CMakeFiles/CMakeTmp/src.cxx:1:8: warning: unknown pragma ignored [-Wunknown-pragmas]
#pragma
       ^
2 warnings generated.
Linking CXX executable cmTC_0dac6
/usr/local/Cellar/cmake/3.18.4/bin/cmake -E cmake_link_script CMakeFiles/cmTC_0dac6.dir/link.txt --verbose=1
/Library/Developer/CommandLineTools/usr/bin/c++ -O3 -DNDEBUG -isysroot /Library/Developer/CommandLineTools/SDKs/MacOSX10.14.sdk -Wl,-search_paths_first -Wl,-headerpad_max_install_names CMakeFiles/cmTC_0dac6.dir/src.cxx.o -o cmTC_0dac6 


===== END =====

Build output check failed:
    Regex: 'unknown .*option'
    Output line: 'warning: unknown warning option '-Wno-deprecated-enum-enum-conversion', did you mean '-Wno-bitfield-enum-conversion'? [-Wunknown-warning-option]'
Compilation failed:
    source file: '/Users/tejaswin.p/THIS_LAPTOP_projects/c00lHaX/mapping_init/github/build/CMakeFiles/CMakeTmp/src.c'
    check option: ' -fsigned-char -W -Wall -Werror=return-type -Werror=non-virtual-dtor -Werror=address -Werror=sequence-point -Wformat -Werror=format-security -Wmissing-declarations -Wmissing-prototypes -Wstrict-prototypes -Wundef -Winit-self -Wpointer-arith -Wshadow -Wsign-promo -Wuninitialized -Winit-self -Wno-delete-non-virtual-dtor -Wno-unnamed-type-template-args -Wno-comment  -Wno-deprecated-enum-enum-conversion'
===== BUILD LOG =====
Change Dir: /Users/tejaswin.p/THIS_LAPTOP_projects/c00lHaX/mapping_init/github/build/CMakeFiles/CMakeTmp

Run Build Command(s):/usr/bin/make cmTC_30fc4/fast && /Library/Developer/CommandLineTools/usr/bin/make  -f CMakeFiles/cmTC_30fc4.dir/build.make CMakeFiles/cmTC_30fc4.dir/build
Building C object CMakeFiles/cmTC_30fc4.dir/src.c.o
/Library/Developer/CommandLineTools/usr/bin/cc   -O3 -DNDEBUG -isysroot /Library/Developer/CommandLineTools/SDKs/MacOSX10.14.sdk -fPIE    -fsigned-char -W -Wall -Werror=return-type -Werror=non-virtual-dtor -Werror=address -Werror=sequence-point -Wformat -Werror=format-security -Wmissing-declarations -Wmissing-prototypes -Wstrict-prototypes -Wundef -Winit-self -Wpointer-arith -Wshadow -Wsign-promo -Wuninitialized -Winit-self -Wno-delete-non-virtual-dtor -Wno-unnamed-type-template-args -Wno-comment  -Wno-deprecated-enum-enum-conversion -o CMakeFiles/cmTC_30fc4.dir/src.c.o -c /Users/tejaswin.p/THIS_LAPTOP_projects/c00lHaX/mapping_init/github/build/CMakeFiles/CMakeTmp/src.c
warning: unknown warning option '-Wno-deprecated-enum-enum-conversion'; did you mean '-Wno-bitfield-enum-conversion'? [-Wunknown-warning-option]
/Users/tejaswin.p/THIS_LAPTOP_projects/c00lHaX/mapping_init/github/build/CMakeFiles/CMakeTmp/src.c:1:8: warning: unknown pragma ignored [-Wunknown-pragmas]
#pragma
       ^
2 warnings generated.
Linking C executable cmTC_30fc4
/usr/local/Cellar/cmake/3.18.4/bin/cmake -E cmake_link_script CMakeFiles/cmTC_30fc4.dir/link.txt --verbose=1
/Library/Developer/CommandLineTools/usr/bin/cc -O3 -DNDEBUG -isysroot /Library/Developer/CommandLineTools/SDKs/MacOSX10.14.sdk -Wl,-search_paths_first -Wl,-headerpad_max_install_names CMakeFiles/cmTC_30fc4.dir/src.c.o -o cmTC_30fc4 


===== END =====

Build output check failed:
    Regex: 'unknown .*option'
    Output line: 'warning: unknown warning option '-Wno-deprecated-anon-enum-enum-conversion', did you mean '-Wno-deprecated-increment-bool'? [-Wunknown-warning-option]'
Compilation failed:
    source file: '/Users/tejaswin.p/THIS_LAPTOP_projects/c00lHaX/mapping_init/github/build/CMakeFiles/CMakeTmp/src.cxx'
    check option: ' -fsigned-char -W -Wall -Werror=return-type -Werror=non-virtual-dtor -Werror=address -Werror=sequence-point -Wformat -Werror=format-security -Wmissing-declarations -Wmissing-prototypes -Wstrict-prototypes -Wundef -Winit-self -Wpointer-arith -Wshadow -Wsign-promo -Wuninitialized -Winit-self -Wno-delete-non-virtual-dtor -Wno-unnamed-type-template-args -Wno-comment  -Wno-deprecated-anon-enum-enum-conversion'
===== BUILD LOG =====
Change Dir: /Users/tejaswin.p/THIS_LAPTOP_projects/c00lHaX/mapping_init/github/build/CMakeFiles/CMakeTmp

Run Build Command(s):/usr/bin/make cmTC_f5aca/fast && /Library/Developer/CommandLineTools/usr/bin/make  -f CMakeFiles/cmTC_f5aca.dir/build.make CMakeFiles/cmTC_f5aca.dir/build
Building CXX object CMakeFiles/cmTC_f5aca.dir/src.cxx.o
/Library/Developer/CommandLineTools/usr/bin/c++   -O3 -DNDEBUG -isysroot /Library/Developer/CommandLineTools/SDKs/MacOSX10.14.sdk -fPIE    -fsigned-char -W -Wall -Werror=return-type -Werror=non-virtual-dtor -Werror=address -Werror=sequence-point -Wformat -Werror=format-security -Wmissing-declarations -Wmissing-prototypes -Wstrict-prototypes -Wundef -Winit-self -Wpointer-arith -Wshadow -Wsign-promo -Wuninitialized -Winit-self -Wno-delete-non-virtual-dtor -Wno-unnamed-type-template-args -Wno-comment  -Wno-deprecated-anon-enum-enum-conversion -std=c++11 -o CMakeFiles/cmTC_f5aca.dir/src.cxx.o -c /Users/tejaswin.p/THIS_LAPTOP_projects/c00lHaX/mapping_init/github/build/CMakeFiles/CMakeTmp/src.cxx
warning: unknown warning option '-Wno-deprecated-anon-enum-enum-conversion'; did you mean '-Wno-deprecated-increment-bool'? [-Wunknown-warning-option]
/Users/tejaswin.p/THIS_LAPTOP_projects/c00lHaX/mapping_init/github/build/CMakeFiles/CMakeTmp/src.cxx:1:8: warning: unknown pragma ignored [-Wunknown-pragmas]
#pragma
       ^
2 warnings generated.
Linking CXX executable cmTC_f5aca
/usr/local/Cellar/cmake/3.18.4/bin/cmake -E cmake_link_script CMakeFiles/cmTC_f5aca.dir/link.txt --verbose=1
/Library/Developer/CommandLineTools/usr/bin/c++ -O3 -DNDEBUG -isysroot /Library/Developer/CommandLineTools/SDKs/MacOSX10.14.sdk -Wl,-search_paths_first -Wl,-headerpad_max_install_names CMakeFiles/cmTC_f5aca.dir/src.cxx.o -o cmTC_f5aca 


===== END =====

Build output check failed:
    Regex: 'unknown .*option'
    Output line: 'warning: unknown warning option '-Wno-deprecated-anon-enum-enum-conversion', did you mean '-Wno-deprecated-increment-bool'? [-Wunknown-warning-option]'
Compilation failed:
    source file: '/Users/tejaswin.p/THIS_LAPTOP_projects/c00lHaX/mapping_init/github/build/CMakeFiles/CMakeTmp/src.c'
    check option: ' -fsigned-char -W -Wall -Werror=return-type -Werror=non-virtual-dtor -Werror=address -Werror=sequence-point -Wformat -Werror=format-security -Wmissing-declarations -Wmissing-prototypes -Wstrict-prototypes -Wundef -Winit-self -Wpointer-arith -Wshadow -Wsign-promo -Wuninitialized -Winit-self -Wno-delete-non-virtual-dtor -Wno-unnamed-type-template-args -Wno-comment  -Wno-deprecated-anon-enum-enum-conversion'
===== BUILD LOG =====
Change Dir: /Users/tejaswin.p/THIS_LAPTOP_projects/c00lHaX/mapping_init/github/build/CMakeFiles/CMakeTmp

Run Build Command(s):/usr/bin/make cmTC_0ec0b/fast && /Library/Developer/CommandLineTools/usr/bin/make  -f CMakeFiles/cmTC_0ec0b.dir/build.make CMakeFiles/cmTC_0ec0b.dir/build
Building C object CMakeFiles/cmTC_0ec0b.dir/src.c.o
/Library/Developer/CommandLineTools/usr/bin/cc   -O3 -DNDEBUG -isysroot /Library/Developer/CommandLineTools/SDKs/MacOSX10.14.sdk -fPIE    -fsigned-char -W -Wall -Werror=return-type -Werror=non-virtual-dtor -Werror=address -Werror=sequence-point -Wformat -Werror=format-security -Wmissing-declarations -Wmissing-prototypes -Wstrict-prototypes -Wundef -Winit-self -Wpointer-arith -Wshadow -Wsign-promo -Wuninitialized -Winit-self -Wno-delete-non-virtual-dtor -Wno-unnamed-type-template-args -Wno-comment  -Wno-deprecated-anon-enum-enum-conversion -o CMakeFiles/cmTC_0ec0b.dir/src.c.o -c /Users/tejaswin.p/THIS_LAPTOP_projects/c00lHaX/mapping_init/github/build/CMakeFiles/CMakeTmp/src.c
warning: unknown warning option '-Wno-deprecated-anon-enum-enum-conversion'; did you mean '-Wno-deprecated-increment-bool'? [-Wunknown-warning-option]
/Users/tejaswin.p/THIS_LAPTOP_projects/c00lHaX/mapping_init/github/build/CMakeFiles/CMakeTmp/src.c:1:8: warning: unknown pragma ignored [-Wunknown-pragmas]
#pragma
       ^
2 warnings generated.
Linking C executable cmTC_0ec0b
/usr/local/Cellar/cmake/3.18.4/bin/cmake -E cmake_link_script CMakeFiles/cmTC_0ec0b.dir/link.txt --verbose=1
/Library/Developer/CommandLineTools/usr/bin/cc -O3 -DNDEBUG -isysroot /Library/Developer/CommandLineTools/SDKs/MacOSX10.14.sdk -Wl,-search_paths_first -Wl,-headerpad_max_install_names CMakeFiles/cmTC_0ec0b.dir/src.c.o -o cmTC_0ec0b 


===== END =====

Compilation failed:
    source file: '/Users/tejaswin.p/THIS_LAPTOP_projects/c00lHaX/mapping_init/github/opencv-master/cmake/checks/cpu_popcnt.cpp'
    check option: ''
===== BUILD LOG =====
Change Dir: /Users/tejaswin.p/THIS_LAPTOP_projects/c00lHaX/mapping_init/github/build/CMakeFiles/CMakeTmp

Run Build Command(s):/usr/bin/make cmTC_2a686/fast && /Library/Developer/CommandLineTools/usr/bin/make  -f CMakeFiles/cmTC_2a686.dir/build.make CMakeFiles/cmTC_2a686.dir/build
Building CXX object CMakeFiles/cmTC_2a686.dir/cpu_popcnt.cpp.o
/Library/Developer/CommandLineTools/usr/bin/c++   -O3 -DNDEBUG -isysroot /Library/Developer/CommandLineTools/SDKs/MacOSX10.14.sdk -fPIE -std=c++11 -o CMakeFiles/cmTC_2a686.dir/cpu_popcnt.cpp.o -c /Users/tejaswin.p/THIS_LAPTOP_projects/c00lHaX/mapping_init/github/opencv-master/cmake/checks/cpu_popcnt.cpp
/Users/tejaswin.p/THIS_LAPTOP_projects/c00lHaX/mapping_init/github/opencv-master/cmake/checks/cpu_popcnt.cpp:14:4: error: "__POPCNT__ is not defined by compiler"
#  error "__POPCNT__ is not defined by compiler"
   ^
/Users/tejaswin.p/THIS_LAPTOP_projects/c00lHaX/mapping_init/github/opencv-master/cmake/checks/cpu_popcnt.cpp:22:13: error: use of undeclared identifier 'CV_POPCNT_U32'
    int j = CV_POPCNT_U32(1);
            ^
2 errors generated.
make[1]: *** [CMakeFiles/cmTC_2a686.dir/cpu_popcnt.cpp.o] Error 1
make: *** [cmTC_2a686/fast] Error 2


===== END =====

Compilation failed:
    source file: '/Users/tejaswin.p/THIS_LAPTOP_projects/c00lHaX/mapping_init/github/opencv-master/cmake/checks/cpu_sse42.cpp'
    check option: ''
===== BUILD LOG =====
Change Dir: /Users/tejaswin.p/THIS_LAPTOP_projects/c00lHaX/mapping_init/github/build/CMakeFiles/CMakeTmp

Run Build Command(s):/usr/bin/make cmTC_368e4/fast && /Library/Developer/CommandLineTools/usr/bin/make  -f CMakeFiles/cmTC_368e4.dir/build.make CMakeFiles/cmTC_368e4.dir/build
Building CXX object CMakeFiles/cmTC_368e4.dir/cpu_sse42.cpp.o
/Library/Developer/CommandLineTools/usr/bin/c++   -O3 -DNDEBUG -isysroot /Library/Developer/CommandLineTools/SDKs/MacOSX10.14.sdk -fPIE -std=c++11 -o CMakeFiles/cmTC_368e4.dir/cpu_sse42.cpp.o -c /Users/tejaswin.p/THIS_LAPTOP_projects/c00lHaX/mapping_init/github/opencv-master/cmake/checks/cpu_sse42.cpp
/Users/tejaswin.p/THIS_LAPTOP_projects/c00lHaX/mapping_init/github/opencv-master/cmake/checks/cpu_sse42.cpp:5:24: error: always_inline function '_mm_crc32_u8' requires target feature 'sse4.2', but would be inlined into function 'main' that is compiled without support for 'sse4.2'
    unsigned int res = _mm_crc32_u8(1, 2);
                       ^
1 error generated.
make[1]: *** [CMakeFiles/cmTC_368e4.dir/cpu_sse42.cpp.o] Error 1
make: *** [cmTC_368e4/fast] Error 2


===== END =====

Compilation failed:
    source file: '/Users/tejaswin.p/THIS_LAPTOP_projects/c00lHaX/mapping_init/github/opencv-master/cmake/checks/cpu_fp16.cpp'
    check option: ''
===== BUILD LOG =====
Change Dir: /Users/tejaswin.p/THIS_LAPTOP_projects/c00lHaX/mapping_init/github/build/CMakeFiles/CMakeTmp

Run Build Command(s):/usr/bin/make cmTC_bc1cc/fast && /Library/Developer/CommandLineTools/usr/bin/make  -f CMakeFiles/cmTC_bc1cc.dir/build.make CMakeFiles/cmTC_bc1cc.dir/build
Building CXX object CMakeFiles/cmTC_bc1cc.dir/cpu_fp16.cpp.o
/Library/Developer/CommandLineTools/usr/bin/c++   -O3 -DNDEBUG -isysroot /Library/Developer/CommandLineTools/SDKs/MacOSX10.14.sdk -fPIE -std=c++11 -o CMakeFiles/cmTC_bc1cc.dir/cpu_fp16.cpp.o -c /Users/tejaswin.p/THIS_LAPTOP_projects/c00lHaX/mapping_init/github/opencv-master/cmake/checks/cpu_fp16.cpp
/Users/tejaswin.p/THIS_LAPTOP_projects/c00lHaX/mapping_init/github/opencv-master/cmake/checks/cpu_fp16.cpp:26:2: error: "FP16 is not supported"
#error "FP16 is not supported"
 ^
/Users/tejaswin.p/THIS_LAPTOP_projects/c00lHaX/mapping_init/github/opencv-master/cmake/checks/cpu_fp16.cpp:31:18: error: use of undeclared identifier 'test'
  printf("%d\n", test());
                 ^
2 errors generated.
make[1]: *** [CMakeFiles/cmTC_bc1cc.dir/cpu_fp16.cpp.o] Error 1
make: *** [cmTC_bc1cc/fast] Error 2


===== END =====

Compilation failed:
    source file: '/Users/tejaswin.p/THIS_LAPTOP_projects/c00lHaX/mapping_init/github/opencv-master/cmake/checks/cpu_avx.cpp'
    check option: ''
===== BUILD LOG =====
Change Dir: /Users/tejaswin.p/THIS_LAPTOP_projects/c00lHaX/mapping_init/github/build/CMakeFiles/CMakeTmp

Run Build Command(s):/usr/bin/make cmTC_cf331/fast && /Library/Developer/CommandLineTools/usr/bin/make  -f CMakeFiles/cmTC_cf331.dir/build.make CMakeFiles/cmTC_cf331.dir/build
Building CXX object CMakeFiles/cmTC_cf331.dir/cpu_avx.cpp.o
/Library/Developer/CommandLineTools/usr/bin/c++   -O3 -DNDEBUG -isysroot /Library/Developer/CommandLineTools/SDKs/MacOSX10.14.sdk -fPIE -std=c++11 -o CMakeFiles/cmTC_cf331.dir/cpu_avx.cpp.o -c /Users/tejaswin.p/THIS_LAPTOP_projects/c00lHaX/mapping_init/github/opencv-master/cmake/checks/cpu_avx.cpp
/Users/tejaswin.p/THIS_LAPTOP_projects/c00lHaX/mapping_init/github/opencv-master/cmake/checks/cpu_avx.cpp:2:2: error: "__AVX__ define is missing"
#error "__AVX__ define is missing"
 ^
1 error generated.
make[1]: *** [CMakeFiles/cmTC_cf331.dir/cpu_avx.cpp.o] Error 1
make: *** [cmTC_cf331/fast] Error 2


===== END =====

Compilation failed:
    source file: '/Users/tejaswin.p/THIS_LAPTOP_projects/c00lHaX/mapping_init/github/opencv-master/cmake/checks/cpu_avx2.cpp'
    check option: ''
===== BUILD LOG =====
Change Dir: /Users/tejaswin.p/THIS_LAPTOP_projects/c00lHaX/mapping_init/github/build/CMakeFiles/CMakeTmp

Run Build Command(s):/usr/bin/make cmTC_f7412/fast && /Library/Developer/CommandLineTools/usr/bin/make  -f CMakeFiles/cmTC_f7412.dir/build.make CMakeFiles/cmTC_f7412.dir/build
Building CXX object CMakeFiles/cmTC_f7412.dir/cpu_avx2.cpp.o
/Library/Developer/CommandLineTools/usr/bin/c++   -O3 -DNDEBUG -isysroot /Library/Developer/CommandLineTools/SDKs/MacOSX10.14.sdk -fPIE -std=c++11 -o CMakeFiles/cmTC_f7412.dir/cpu_avx2.cpp.o -c /Users/tejaswin.p/THIS_LAPTOP_projects/c00lHaX/mapping_init/github/opencv-master/cmake/checks/cpu_avx2.cpp
/Users/tejaswin.p/THIS_LAPTOP_projects/c00lHaX/mapping_init/github/opencv-master/cmake/checks/cpu_avx2.cpp:2:2: error: "__AVX2__ define is missing"
#error "__AVX2__ define is missing"
 ^
1 error generated.
make[1]: *** [CMakeFiles/cmTC_f7412.dir/cpu_avx2.cpp.o] Error 1
make: *** [cmTC_f7412/fast] Error 2


===== END =====

Compilation failed:
    source file: '/Users/tejaswin.p/THIS_LAPTOP_projects/c00lHaX/mapping_init/github/opencv-master/cmake/checks/cpu_avx512.cpp'
    check option: ''
===== BUILD LOG =====
Change Dir: /Users/tejaswin.p/THIS_LAPTOP_projects/c00lHaX/mapping_init/github/build/CMakeFiles/CMakeTmp

Run Build Command(s):/usr/bin/make cmTC_1caa1/fast && /Library/Developer/CommandLineTools/usr/bin/make  -f CMakeFiles/cmTC_1caa1.dir/build.make CMakeFiles/cmTC_1caa1.dir/build
Building CXX object CMakeFiles/cmTC_1caa1.dir/cpu_avx512.cpp.o
/Library/Developer/CommandLineTools/usr/bin/c++   -O3 -DNDEBUG -isysroot /Library/Developer/CommandLineTools/SDKs/MacOSX10.14.sdk -fPIE -std=c++11 -o CMakeFiles/cmTC_1caa1.dir/cpu_avx512.cpp.o -c /Users/tejaswin.p/THIS_LAPTOP_projects/c00lHaX/mapping_init/github/opencv-master/cmake/checks/cpu_avx512.cpp
/Users/tejaswin.p/THIS_LAPTOP_projects/c00lHaX/mapping_init/github/opencv-master/cmake/checks/cpu_avx512.cpp:11:2: error: "AVX512 is not supported"
#error "AVX512 is not supported"
 ^
1 error generated.
make[1]: *** [CMakeFiles/cmTC_1caa1.dir/cpu_avx512.cpp.o] Error 1
make: *** [cmTC_1caa1/fast] Error 2


===== END =====

Compilation failed:
    source file: '/Users/tejaswin.p/THIS_LAPTOP_projects/c00lHaX/mapping_init/github/opencv-master/cmake/checks/cpu_avx512common.cpp'
    check option: ''
===== BUILD LOG =====
Change Dir: /Users/tejaswin.p/THIS_LAPTOP_projects/c00lHaX/mapping_init/github/build/CMakeFiles/CMakeTmp

Run Build Command(s):/usr/bin/make cmTC_3811d/fast && /Library/Developer/CommandLineTools/usr/bin/make  -f CMakeFiles/cmTC_3811d.dir/build.make CMakeFiles/cmTC_3811d.dir/build
Building CXX object CMakeFiles/cmTC_3811d.dir/cpu_avx512common.cpp.o
/Library/Developer/CommandLineTools/usr/bin/c++   -O3 -DNDEBUG -isysroot /Library/Developer/CommandLineTools/SDKs/MacOSX10.14.sdk -fPIE -std=c++11 -o CMakeFiles/cmTC_3811d.dir/cpu_avx512common.cpp.o -c /Users/tejaswin.p/THIS_LAPTOP_projects/c00lHaX/mapping_init/github/opencv-master/cmake/checks/cpu_avx512common.cpp
/Users/tejaswin.p/THIS_LAPTOP_projects/c00lHaX/mapping_init/github/opencv-master/cmake/checks/cpu_avx512common.cpp:12:2: error: "AVX512-COMMON is not supported"
#error "AVX512-COMMON is not supported"
 ^
1 error generated.
make[1]: *** [CMakeFiles/cmTC_3811d.dir/cpu_avx512common.cpp.o] Error 1
make: *** [cmTC_3811d/fast] Error 2


===== END =====

Compilation failed:
    source file: '/Users/tejaswin.p/THIS_LAPTOP_projects/c00lHaX/mapping_init/github/opencv-master/cmake/checks/cpu_avx512knl.cpp'
    check option: ''
===== BUILD LOG =====
Change Dir: /Users/tejaswin.p/THIS_LAPTOP_projects/c00lHaX/mapping_init/github/build/CMakeFiles/CMakeTmp

Run Build Command(s):/usr/bin/make cmTC_5289c/fast && /Library/Developer/CommandLineTools/usr/bin/make  -f CMakeFiles/cmTC_5289c.dir/build.make CMakeFiles/cmTC_5289c.dir/build
Building CXX object CMakeFiles/cmTC_5289c.dir/cpu_avx512knl.cpp.o
/Library/Developer/CommandLineTools/usr/bin/c++   -O3 -DNDEBUG -isysroot /Library/Developer/CommandLineTools/SDKs/MacOSX10.14.sdk -fPIE -std=c++11 -o CMakeFiles/cmTC_5289c.dir/cpu_avx512knl.cpp.o -c /Users/tejaswin.p/THIS_LAPTOP_projects/c00lHaX/mapping_init/github/opencv-master/cmake/checks/cpu_avx512knl.cpp
/Users/tejaswin.p/THIS_LAPTOP_projects/c00lHaX/mapping_init/github/opencv-master/cmake/checks/cpu_avx512knl.cpp:14:2: error: "AVX512-KNL is not supported"
#error "AVX512-KNL is not supported"
 ^
1 error generated.
make[1]: *** [CMakeFiles/cmTC_5289c.dir/cpu_avx512knl.cpp.o] Error 1
make: *** [cmTC_5289c/fast] Error 2


===== END =====

Compilation failed:
    source file: '/Users/tejaswin.p/THIS_LAPTOP_projects/c00lHaX/mapping_init/github/opencv-master/cmake/checks/cpu_avx512knm.cpp'
    check option: ''
===== BUILD LOG =====
Change Dir: /Users/tejaswin.p/THIS_LAPTOP_projects/c00lHaX/mapping_init/github/build/CMakeFiles/CMakeTmp

Run Build Command(s):/usr/bin/make cmTC_9fb6d/fast && /Library/Developer/CommandLineTools/usr/bin/make  -f CMakeFiles/cmTC_9fb6d.dir/build.make CMakeFiles/cmTC_9fb6d.dir/build
Building CXX object CMakeFiles/cmTC_9fb6d.dir/cpu_avx512knm.cpp.o
/Library/Developer/CommandLineTools/usr/bin/c++   -O3 -DNDEBUG -isysroot /Library/Developer/CommandLineTools/SDKs/MacOSX10.14.sdk -fPIE -std=c++11 -o CMakeFiles/cmTC_9fb6d.dir/cpu_avx512knm.cpp.o -c /Users/tejaswin.p/THIS_LAPTOP_projects/c00lHaX/mapping_init/github/opencv-master/cmake/checks/cpu_avx512knm.cpp
/Users/tejaswin.p/THIS_LAPTOP_projects/c00lHaX/mapping_init/github/opencv-master/cmake/checks/cpu_avx512knm.cpp:15:2: error: "AVX512-KNM is not supported"
#error "AVX512-KNM is not supported"
 ^
1 error generated.
make[1]: *** [CMakeFiles/cmTC_9fb6d.dir/cpu_avx512knm.cpp.o] Error 1
make: *** [cmTC_9fb6d/fast] Error 2


===== END =====

Compilation failed:
    source file: '/Users/tejaswin.p/THIS_LAPTOP_projects/c00lHaX/mapping_init/github/opencv-master/cmake/checks/cpu_avx512knm.cpp'
    check option: ' -mavx512f -mavx512cd -mavx512er -mavx512pf -mavx5124fmaps -mavx5124vnniw -mavx512vpopcntdq'
===== BUILD LOG =====
Change Dir: /Users/tejaswin.p/THIS_LAPTOP_projects/c00lHaX/mapping_init/github/build/CMakeFiles/CMakeTmp

Run Build Command(s):/usr/bin/make cmTC_971ba/fast && /Library/Developer/CommandLineTools/usr/bin/make  -f CMakeFiles/cmTC_971ba.dir/build.make CMakeFiles/cmTC_971ba.dir/build
Building CXX object CMakeFiles/cmTC_971ba.dir/cpu_avx512knm.cpp.o
/Library/Developer/CommandLineTools/usr/bin/c++   -O3 -DNDEBUG -isysroot /Library/Developer/CommandLineTools/SDKs/MacOSX10.14.sdk -fPIE    -mavx512f -mavx512cd -mavx512er -mavx512pf -mavx5124fmaps -mavx5124vnniw -mavx512vpopcntdq -std=c++11 -o CMakeFiles/cmTC_971ba.dir/cpu_avx512knm.cpp.o -c /Users/tejaswin.p/THIS_LAPTOP_projects/c00lHaX/mapping_init/github/opencv-master/cmake/checks/cpu_avx512knm.cpp
clang: error: unknown argument: '-mavx5124fmaps'
clang: error: unknown argument: '-mavx5124vnniw'
make[1]: *** [CMakeFiles/cmTC_971ba.dir/cpu_avx512knm.cpp.o] Error 1
make: *** [cmTC_971ba/fast] Error 2


===== END =====

Compilation failed:
    source file: '/Users/tejaswin.p/THIS_LAPTOP_projects/c00lHaX/mapping_init/github/opencv-master/cmake/checks/cpu_avx512skx.cpp'
    check option: ''
===== BUILD LOG =====
Change Dir: /Users/tejaswin.p/THIS_LAPTOP_projects/c00lHaX/mapping_init/github/build/CMakeFiles/CMakeTmp

Run Build Command(s):/usr/bin/make cmTC_1a6f9/fast && /Library/Developer/CommandLineTools/usr/bin/make  -f CMakeFiles/cmTC_1a6f9.dir/build.make CMakeFiles/cmTC_1a6f9.dir/build
Building CXX object CMakeFiles/cmTC_1a6f9.dir/cpu_avx512skx.cpp.o
/Library/Developer/CommandLineTools/usr/bin/c++   -O3 -DNDEBUG -isysroot /Library/Developer/CommandLineTools/SDKs/MacOSX10.14.sdk -fPIE -std=c++11 -o CMakeFiles/cmTC_1a6f9.dir/cpu_avx512skx.cpp.o -c /Users/tejaswin.p/THIS_LAPTOP_projects/c00lHaX/mapping_init/github/opencv-master/cmake/checks/cpu_avx512skx.cpp
/Users/tejaswin.p/THIS_LAPTOP_projects/c00lHaX/mapping_init/github/opencv-master/cmake/checks/cpu_avx512skx.cpp:30:2: error: "AVX512-SKX is not supported"
#error "AVX512-SKX is not supported"
 ^
1 error generated.
make[1]: *** [CMakeFiles/cmTC_1a6f9.dir/cpu_avx512skx.cpp.o] Error 1
make: *** [cmTC_1a6f9/fast] Error 2


===== END =====

Compilation failed:
    source file: '/Users/tejaswin.p/THIS_LAPTOP_projects/c00lHaX/mapping_init/github/opencv-master/cmake/checks/cpu_avx512cnl.cpp'
    check option: ''
===== BUILD LOG =====
Change Dir: /Users/tejaswin.p/THIS_LAPTOP_projects/c00lHaX/mapping_init/github/build/CMakeFiles/CMakeTmp

Run Build Command(s):/usr/bin/make cmTC_0c9f3/fast && /Library/Developer/CommandLineTools/usr/bin/make  -f CMakeFiles/cmTC_0c9f3.dir/build.make CMakeFiles/cmTC_0c9f3.dir/build
Building CXX object CMakeFiles/cmTC_0c9f3.dir/cpu_avx512cnl.cpp.o
/Library/Developer/CommandLineTools/usr/bin/c++   -O3 -DNDEBUG -isysroot /Library/Developer/CommandLineTools/SDKs/MacOSX10.14.sdk -fPIE -std=c++11 -o CMakeFiles/cmTC_0c9f3.dir/cpu_avx512cnl.cpp.o -c /Users/tejaswin.p/THIS_LAPTOP_projects/c00lHaX/mapping_init/github/opencv-master/cmake/checks/cpu_avx512cnl.cpp
/Users/tejaswin.p/THIS_LAPTOP_projects/c00lHaX/mapping_init/github/opencv-master/cmake/checks/cpu_avx512cnl.cpp:10:2: error: "AVX512-CNL is not supported"
#error "AVX512-CNL is not supported"
 ^
1 error generated.
make[1]: *** [CMakeFiles/cmTC_0c9f3.dir/cpu_avx512cnl.cpp.o] Error 1
make: *** [cmTC_0c9f3/fast] Error 2


===== END =====

Compilation failed:
    source file: '/Users/tejaswin.p/THIS_LAPTOP_projects/c00lHaX/mapping_init/github/opencv-master/cmake/checks/cpu_avx512clx.cpp'
    check option: ''
===== BUILD LOG =====
Change Dir: /Users/tejaswin.p/THIS_LAPTOP_projects/c00lHaX/mapping_init/github/build/CMakeFiles/CMakeTmp

Run Build Command(s):/usr/bin/make cmTC_99739/fast && /Library/Developer/CommandLineTools/usr/bin/make  -f CMakeFiles/cmTC_99739.dir/build.make CMakeFiles/cmTC_99739.dir/build
Building CXX object CMakeFiles/cmTC_99739.dir/cpu_avx512clx.cpp.o
/Library/Developer/CommandLineTools/usr/bin/c++   -O3 -DNDEBUG -isysroot /Library/Developer/CommandLineTools/SDKs/MacOSX10.14.sdk -fPIE -std=c++11 -o CMakeFiles/cmTC_99739.dir/cpu_avx512clx.cpp.o -c /Users/tejaswin.p/THIS_LAPTOP_projects/c00lHaX/mapping_init/github/opencv-master/cmake/checks/cpu_avx512clx.cpp
/Users/tejaswin.p/THIS_LAPTOP_projects/c00lHaX/mapping_init/github/opencv-master/cmake/checks/cpu_avx512clx.cpp:9:2: error: "AVX512-CLX is not supported"
#error "AVX512-CLX is not supported"
 ^
1 error generated.
make[1]: *** [CMakeFiles/cmTC_99739.dir/cpu_avx512clx.cpp.o] Error 1
make: *** [cmTC_99739/fast] Error 2


===== END =====

Compilation failed:
    source file: '/Users/tejaswin.p/THIS_LAPTOP_projects/c00lHaX/mapping_init/github/opencv-master/cmake/checks/cpu_avx512icl.cpp'
    check option: ''
===== BUILD LOG =====
Change Dir: /Users/tejaswin.p/THIS_LAPTOP_projects/c00lHaX/mapping_init/github/build/CMakeFiles/CMakeTmp

Run Build Command(s):/usr/bin/make cmTC_0136e/fast && /Library/Developer/CommandLineTools/usr/bin/make  -f CMakeFiles/cmTC_0136e.dir/build.make CMakeFiles/cmTC_0136e.dir/build
Building CXX object CMakeFiles/cmTC_0136e.dir/cpu_avx512icl.cpp.o
/Library/Developer/CommandLineTools/usr/bin/c++   -O3 -DNDEBUG -isysroot /Library/Developer/CommandLineTools/SDKs/MacOSX10.14.sdk -fPIE -std=c++11 -o CMakeFiles/cmTC_0136e.dir/cpu_avx512icl.cpp.o -c /Users/tejaswin.p/THIS_LAPTOP_projects/c00lHaX/mapping_init/github/opencv-master/cmake/checks/cpu_avx512icl.cpp
/Users/tejaswin.p/THIS_LAPTOP_projects/c00lHaX/mapping_init/github/opencv-master/cmake/checks/cpu_avx512icl.cpp:12:2: error: "AVX512-ICL is not supported"
#error "AVX512-ICL is not supported"
 ^
1 error generated.
make[1]: *** [CMakeFiles/cmTC_0136e.dir/cpu_avx512icl.cpp.o] Error 1
make: *** [cmTC_0136e/fast] Error 2


===== END =====

Compilation failed:
    source file: '/Users/tejaswin.p/THIS_LAPTOP_projects/c00lHaX/mapping_init/github/build/CMakeFiles/CMakeTmp/src.cxx'
    check option: ''
===== BUILD LOG =====
Change Dir: /Users/tejaswin.p/THIS_LAPTOP_projects/c00lHaX/mapping_init/github/build/CMakeFiles/CMakeTmp

Run Build Command(s):/usr/bin/make cmTC_cd17b/fast && /Library/Developer/CommandLineTools/usr/bin/make  -f CMakeFiles/cmTC_cd17b.dir/build.make CMakeFiles/cmTC_cd17b.dir/build
Building CXX object CMakeFiles/cmTC_cd17b.dir/src.cxx.o
/Library/Developer/CommandLineTools/usr/bin/c++   -O3 -DNDEBUG -isysroot /Library/Developer/CommandLineTools/SDKs/MacOSX10.14.sdk -fPIE -std=c++11 -o CMakeFiles/cmTC_cd17b.dir/src.cxx.o -c /Users/tejaswin.p/THIS_LAPTOP_projects/c00lHaX/mapping_init/github/build/CMakeFiles/CMakeTmp/src.cxx
Linking CXX executable cmTC_cd17b
/usr/local/Cellar/cmake/3.18.4/bin/cmake -E cmake_link_script CMakeFiles/cmTC_cd17b.dir/link.txt --verbose=1
/Library/Developer/CommandLineTools/usr/bin/c++ -O3 -DNDEBUG -isysroot /Library/Developer/CommandLineTools/SDKs/MacOSX10.14.sdk -Wl,-search_paths_first -Wl,-headerpad_max_install_names  -Wl,--as-needed  CMakeFiles/cmTC_cd17b.dir/src.cxx.o -o cmTC_cd17b 
ld: unknown option: --as-needed
clang: error: linker command failed with exit code 1 (use -v to see invocation)
make[1]: *** [cmTC_cd17b] Error 1
make: *** [cmTC_cd17b/fast] Error 2


===== END =====

Determining if the include file malloc.h exists failed with the following output:
Change Dir: /Users/tejaswin.p/THIS_LAPTOP_projects/c00lHaX/mapping_init/github/build/CMakeFiles/CMakeTmp

Run Build Command(s):/usr/bin/make cmTC_5bba4/fast && /Library/Developer/CommandLineTools/usr/bin/make  -f CMakeFiles/cmTC_5bba4.dir/build.make CMakeFiles/cmTC_5bba4.dir/build
Building C object CMakeFiles/cmTC_5bba4.dir/CheckIncludeFile.c.o
/Library/Developer/CommandLineTools/usr/bin/cc   -fsigned-char -W -Wall -Werror=return-type -Werror=non-virtual-dtor -Werror=address -Werror=sequence-point -Wformat -Werror=format-security -Wmissing-declarations -Wmissing-prototypes -Wstrict-prototypes -Wundef -Winit-self -Wpointer-arith -Wshadow -Wsign-promo -Wuninitialized -Winit-self -Wno-delete-non-virtual-dtor -Wno-unnamed-type-template-args -Wno-comment -fdiagnostics-show-option -Wno-long-long -Qunused-arguments -Wno-semicolon-before-method-body -ffunction-sections -fdata-sections  -fvisibility=hidden -fvisibility-inlines-hidden  -O3 -DNDEBUG  -DNDEBUG -isysroot /Library/Developer/CommandLineTools/SDKs/MacOSX10.14.sdk -fPIE -o CMakeFiles/cmTC_5bba4.dir/CheckIncludeFile.c.o -c /Users/tejaswin.p/THIS_LAPTOP_projects/c00lHaX/mapping_init/github/build/CMakeFiles/CMakeTmp/CheckIncludeFile.c
/Users/tejaswin.p/THIS_LAPTOP_projects/c00lHaX/mapping_init/github/build/CMakeFiles/CMakeTmp/CheckIncludeFile.c:1:10: fatal error: 'malloc.h' file not found
#include <malloc.h>
         ^~~~~~~~~~
1 error generated.
make[1]: *** [CMakeFiles/cmTC_5bba4.dir/CheckIncludeFile.c.o] Error 1
make: *** [cmTC_5bba4/fast] Error 2



Determining size of off64_t failed with the following output:
Change Dir: /Users/tejaswin.p/THIS_LAPTOP_projects/c00lHaX/mapping_init/github/build/CMakeFiles/CMakeTmp

Run Build Command(s):/usr/bin/make cmTC_25361/fast && /Library/Developer/CommandLineTools/usr/bin/make  -f CMakeFiles/cmTC_25361.dir/build.make CMakeFiles/cmTC_25361.dir/build
Building C object CMakeFiles/cmTC_25361.dir/OFF64_T.c.o
/Library/Developer/CommandLineTools/usr/bin/cc   -fsigned-char -W -Wall -Werror=return-type -Werror=non-virtual-dtor -Werror=address -Werror=sequence-point -Wformat -Werror=format-security -Wmissing-declarations -Wmissing-prototypes -Wstrict-prototypes -Wundef -Winit-self -Wpointer-arith -Wshadow -Wsign-promo -Wuninitialized -Winit-self -Wno-delete-non-virtual-dtor -Wno-unnamed-type-template-args -Wno-comment -fdiagnostics-show-option -Wno-long-long -Qunused-arguments -Wno-semicolon-before-method-body -ffunction-sections -fdata-sections  -fvisibility=hidden -fvisibility-inlines-hidden  -O3 -DNDEBUG  -DNDEBUG -isysroot /Library/Developer/CommandLineTools/SDKs/MacOSX10.14.sdk -fPIE -o CMakeFiles/cmTC_25361.dir/OFF64_T.c.o -c /Users/tejaswin.p/THIS_LAPTOP_projects/c00lHaX/mapping_init/github/build/CMakeFiles/CheckTypeSize/OFF64_T.c
/Users/tejaswin.p/THIS_LAPTOP_projects/c00lHaX/mapping_init/github/build/CMakeFiles/CheckTypeSize/OFF64_T.c:29:12: error: use of undeclared identifier 'off64_t'
  ('0' + ((SIZE / 10000)%10)),
           ^
/Users/tejaswin.p/THIS_LAPTOP_projects/c00lHaX/mapping_init/github/build/CMakeFiles/CheckTypeSize/OFF64_T.c:27:22: note: expanded from macro 'SIZE'
#define SIZE (sizeof(off64_t))
                     ^
/Users/tejaswin.p/THIS_LAPTOP_projects/c00lHaX/mapping_init/github/build/CMakeFiles/CheckTypeSize/OFF64_T.c:30:12: error: use of undeclared identifier 'off64_t'
  ('0' + ((SIZE / 1000)%10)),
           ^
/Users/tejaswin.p/THIS_LAPTOP_projects/c00lHaX/mapping_init/github/build/CMakeFiles/CheckTypeSize/OFF64_T.c:27:22: note: expanded from macro 'SIZE'
#define SIZE (sizeof(off64_t))
                     ^
/Users/tejaswin.p/THIS_LAPTOP_projects/c00lHaX/mapping_init/github/build/CMakeFiles/CheckTypeSize/OFF64_T.c:31:12: error: use of undeclared identifier 'off64_t'
  ('0' + ((SIZE / 100)%10)),
           ^
/Users/tejaswin.p/THIS_LAPTOP_projects/c00lHaX/mapping_init/github/build/CMakeFiles/CheckTypeSize/OFF64_T.c:27:22: note: expanded from macro 'SIZE'
#define SIZE (sizeof(off64_t))
                     ^
/Users/tejaswin.p/THIS_LAPTOP_projects/c00lHaX/mapping_init/github/build/CMakeFiles/CheckTypeSize/OFF64_T.c:32:12: error: use of undeclared identifier 'off64_t'
  ('0' + ((SIZE / 10)%10)),
           ^
/Users/tejaswin.p/THIS_LAPTOP_projects/c00lHaX/mapping_init/github/build/CMakeFiles/CheckTypeSize/OFF64_T.c:27:22: note: expanded from macro 'SIZE'
#define SIZE (sizeof(off64_t))
                     ^
/Users/tejaswin.p/THIS_LAPTOP_projects/c00lHaX/mapping_init/github/build/CMakeFiles/CheckTypeSize/OFF64_T.c:33:12: error: use of undeclared identifier 'off64_t'
  ('0' +  (SIZE    % 10)),
           ^
/Users/tejaswin.p/THIS_LAPTOP_projects/c00lHaX/mapping_init/github/build/CMakeFiles/CheckTypeSize/OFF64_T.c:27:22: note: expanded from macro 'SIZE'
#define SIZE (sizeof(off64_t))
                     ^
5 errors generated.
make[1]: *** [CMakeFiles/cmTC_25361.dir/OFF64_T.c.o] Error 1
make: *** [cmTC_25361/fast] Error 2


/Users/tejaswin.p/THIS_LAPTOP_projects/c00lHaX/mapping_init/github/build/CMakeFiles/CheckTypeSize/OFF64_T.c:
#include <sys/types.h>
#include <stdint.h>
#include <stddef.h>


#undef KEY
#if defined(__i386)
# define KEY '_','_','i','3','8','6'
#elif defined(__x86_64)
# define KEY '_','_','x','8','6','_','6','4'
#elif defined(__PPC64__)
# define KEY '_','_','P','P','C','6','4','_','_'
#elif defined(__ppc64__)
# define KEY '_','_','p','p','c','6','4','_','_'
#elif defined(__PPC__)
# define KEY '_','_','P','P','C','_','_'
#elif defined(__ppc__)
# define KEY '_','_','p','p','c','_','_'
#elif defined(__aarch64__)
# define KEY '_','_','a','a','r','c','h','6','4','_','_'
#elif defined(__ARM_ARCH_7A__)
# define KEY '_','_','A','R','M','_','A','R','C','H','_','7','A','_','_'
#elif defined(__ARM_ARCH_7S__)
# define KEY '_','_','A','R','M','_','A','R','C','H','_','7','S','_','_'
#endif

#define SIZE (sizeof(off64_t))
static char info_size[] =  {'I', 'N', 'F', 'O', ':', 's','i','z','e','[',
  ('0' + ((SIZE / 10000)%10)),
  ('0' + ((SIZE / 1000)%10)),
  ('0' + ((SIZE / 100)%10)),
  ('0' + ((SIZE / 10)%10)),
  ('0' +  (SIZE    % 10)),
  ']',
#ifdef KEY
  ' ','k','e','y','[', KEY, ']',
#endif
  '\0'};

#ifdef __CLASSIC_C__
int main(argc, argv) int argc; char *argv[];
#else
int main(int argc, char *argv[])
#endif
{
  int require = 0;
  require += info_size[argc];
  (void)argv;
  return require;
}


Determining if the include file io.h exists failed with the following output:
Change Dir: /Users/tejaswin.p/THIS_LAPTOP_projects/c00lHaX/mapping_init/github/build/CMakeFiles/CMakeTmp

Run Build Command(s):/usr/bin/make cmTC_01381/fast && /Library/Developer/CommandLineTools/usr/bin/make  -f CMakeFiles/cmTC_01381.dir/build.make CMakeFiles/cmTC_01381.dir/build
Building C object CMakeFiles/cmTC_01381.dir/CheckIncludeFile.c.o
/Library/Developer/CommandLineTools/usr/bin/cc   -fsigned-char -W -Wall -Werror=return-type -Werror=non-virtual-dtor -Werror=address -Werror=sequence-point -Wformat -Werror=format-security -Wmissing-declarations -Wmissing-prototypes -Wstrict-prototypes -Wundef -Winit-self -Wpointer-arith -Wshadow -Wsign-promo -Wuninitialized -Winit-self -Wno-delete-non-virtual-dtor -Wno-unnamed-type-template-args -Wno-comment -fdiagnostics-show-option -Wno-long-long -Qunused-arguments -Wno-semicolon-before-method-body -ffunction-sections -fdata-sections  -fvisibility=hidden -fvisibility-inlines-hidden  -O3 -DNDEBUG  -DNDEBUG -isysroot /Library/Developer/CommandLineTools/SDKs/MacOSX10.14.sdk -fPIE -o CMakeFiles/cmTC_01381.dir/CheckIncludeFile.c.o -c /Users/tejaswin.p/THIS_LAPTOP_projects/c00lHaX/mapping_init/github/build/CMakeFiles/CMakeTmp/CheckIncludeFile.c
/Users/tejaswin.p/THIS_LAPTOP_projects/c00lHaX/mapping_init/github/build/CMakeFiles/CMakeTmp/CheckIncludeFile.c:1:10: fatal error: 'io.h' file not found
#include <io.h>
         ^~~~~~
1 error generated.
make[1]: *** [CMakeFiles/cmTC_01381.dir/CheckIncludeFile.c.o] Error 1
make: *** [cmTC_01381/fast] Error 2



Determining size of INT8 failed with the following output:
Change Dir: /Users/tejaswin.p/THIS_LAPTOP_projects/c00lHaX/mapping_init/github/build/CMakeFiles/CMakeTmp

Run Build Command(s):/usr/bin/make cmTC_c332b/fast && /Library/Developer/CommandLineTools/usr/bin/make  -f CMakeFiles/cmTC_c332b.dir/build.make CMakeFiles/cmTC_c332b.dir/build
Building C object CMakeFiles/cmTC_c332b.dir/int8.c.o
/Library/Developer/CommandLineTools/usr/bin/cc   -fsigned-char -W -Wall -Werror=return-type -Werror=non-virtual-dtor -Werror=address -Werror=sequence-point -Wformat -Werror=format-security -Wmissing-declarations -Wmissing-prototypes -Wstrict-prototypes -Wundef -Winit-self -Wpointer-arith -Wshadow -Wsign-promo -Wuninitialized -Winit-self -Wno-delete-non-virtual-dtor -Wno-unnamed-type-template-args -Wno-comment -fdiagnostics-show-option -Wno-long-long -Qunused-arguments -Wno-semicolon-before-method-body -ffunction-sections -fdata-sections  -fvisibility=hidden -fvisibility-inlines-hidden  -O3 -DNDEBUG  -DNDEBUG -isysroot /Library/Developer/CommandLineTools/SDKs/MacOSX10.14.sdk -fPIE -o CMakeFiles/cmTC_c332b.dir/int8.c.o -c /Users/tejaswin.p/THIS_LAPTOP_projects/c00lHaX/mapping_init/github/build/CMakeFiles/CheckTypeSize/int8.c
/Users/tejaswin.p/THIS_LAPTOP_projects/c00lHaX/mapping_init/github/build/CMakeFiles/CheckTypeSize/int8.c:29:12: error: use of undeclared identifier 'INT8'
  ('0' + ((SIZE / 10000)%10)),
           ^
/Users/tejaswin.p/THIS_LAPTOP_projects/c00lHaX/mapping_init/github/build/CMakeFiles/CheckTypeSize/int8.c:27:22: note: expanded from macro 'SIZE'
#define SIZE (sizeof(INT8))
                     ^
/Users/tejaswin.p/THIS_LAPTOP_projects/c00lHaX/mapping_init/github/build/CMakeFiles/CheckTypeSize/int8.c:30:12: error: use of undeclared identifier 'INT8'
  ('0' + ((SIZE / 1000)%10)),
           ^
/Users/tejaswin.p/THIS_LAPTOP_projects/c00lHaX/mapping_init/github/build/CMakeFiles/CheckTypeSize/int8.c:27:22: note: expanded from macro 'SIZE'
#define SIZE (sizeof(INT8))
                     ^
/Users/tejaswin.p/THIS_LAPTOP_projects/c00lHaX/mapping_init/github/build/CMakeFiles/CheckTypeSize/int8.c:31:12: error: use of undeclared identifier 'INT8'
  ('0' + ((SIZE / 100)%10)),
           ^
/Users/tejaswin.p/THIS_LAPTOP_projects/c00lHaX/mapping_init/github/build/CMakeFiles/CheckTypeSize/int8.c:27:22: note: expanded from macro 'SIZE'
#define SIZE (sizeof(INT8))
                     ^
/Users/tejaswin.p/THIS_LAPTOP_projects/c00lHaX/mapping_init/github/build/CMakeFiles/CheckTypeSize/int8.c:32:12: error: use of undeclared identifier 'INT8'
  ('0' + ((SIZE / 10)%10)),
           ^
/Users/tejaswin.p/THIS_LAPTOP_projects/c00lHaX/mapping_init/github/build/CMakeFiles/CheckTypeSize/int8.c:27:22: note: expanded from macro 'SIZE'
#define SIZE (sizeof(INT8))
                     ^
/Users/tejaswin.p/THIS_LAPTOP_projects/c00lHaX/mapping_init/github/build/CMakeFiles/CheckTypeSize/int8.c:33:12: error: use of undeclared identifier 'INT8'
  ('0' +  (SIZE    % 10)),
           ^
/Users/tejaswin.p/THIS_LAPTOP_projects/c00lHaX/mapping_init/github/build/CMakeFiles/CheckTypeSize/int8.c:27:22: note: expanded from macro 'SIZE'
#define SIZE (sizeof(INT8))
                     ^
5 errors generated.
make[1]: *** [CMakeFiles/cmTC_c332b.dir/int8.c.o] Error 1
make: *** [cmTC_c332b/fast] Error 2


/Users/tejaswin.p/THIS_LAPTOP_projects/c00lHaX/mapping_init/github/build/CMakeFiles/CheckTypeSize/int8.c:
#include <sys/types.h>
#include <stdint.h>
#include <stddef.h>


#undef KEY
#if defined(__i386)
# define KEY '_','_','i','3','8','6'
#elif defined(__x86_64)
# define KEY '_','_','x','8','6','_','6','4'
#elif defined(__PPC64__)
# define KEY '_','_','P','P','C','6','4','_','_'
#elif defined(__ppc64__)
# define KEY '_','_','p','p','c','6','4','_','_'
#elif defined(__PPC__)
# define KEY '_','_','P','P','C','_','_'
#elif defined(__ppc__)
# define KEY '_','_','p','p','c','_','_'
#elif defined(__aarch64__)
# define KEY '_','_','a','a','r','c','h','6','4','_','_'
#elif defined(__ARM_ARCH_7A__)
# define KEY '_','_','A','R','M','_','A','R','C','H','_','7','A','_','_'
#elif defined(__ARM_ARCH_7S__)
# define KEY '_','_','A','R','M','_','A','R','C','H','_','7','S','_','_'
#endif

#define SIZE (sizeof(INT8))
static char info_size[] =  {'I', 'N', 'F', 'O', ':', 's','i','z','e','[',
  ('0' + ((SIZE / 10000)%10)),
  ('0' + ((SIZE / 1000)%10)),
  ('0' + ((SIZE / 100)%10)),
  ('0' + ((SIZE / 10)%10)),
  ('0' +  (SIZE    % 10)),
  ']',
#ifdef KEY
  ' ','k','e','y','[', KEY, ']',
#endif
  '\0'};

#ifdef __CLASSIC_C__
int main(argc, argv) int argc; char *argv[];
#else
int main(int argc, char *argv[])
#endif
{
  int require = 0;
  require += info_size[argc];
  (void)argv;
  return require;
}


Determining size of INT16 failed with the following output:
Change Dir: /Users/tejaswin.p/THIS_LAPTOP_projects/c00lHaX/mapping_init/github/build/CMakeFiles/CMakeTmp

Run Build Command(s):/usr/bin/make cmTC_0a13c/fast && /Library/Developer/CommandLineTools/usr/bin/make  -f CMakeFiles/cmTC_0a13c.dir/build.make CMakeFiles/cmTC_0a13c.dir/build
Building C object CMakeFiles/cmTC_0a13c.dir/int16.c.o
/Library/Developer/CommandLineTools/usr/bin/cc   -fsigned-char -W -Wall -Werror=return-type -Werror=non-virtual-dtor -Werror=address -Werror=sequence-point -Wformat -Werror=format-security -Wmissing-declarations -Wmissing-prototypes -Wstrict-prototypes -Wundef -Winit-self -Wpointer-arith -Wshadow -Wsign-promo -Wuninitialized -Winit-self -Wno-delete-non-virtual-dtor -Wno-unnamed-type-template-args -Wno-comment -fdiagnostics-show-option -Wno-long-long -Qunused-arguments -Wno-semicolon-before-method-body -ffunction-sections -fdata-sections  -fvisibility=hidden -fvisibility-inlines-hidden  -O3 -DNDEBUG  -DNDEBUG -isysroot /Library/Developer/CommandLineTools/SDKs/MacOSX10.14.sdk -fPIE -o CMakeFiles/cmTC_0a13c.dir/int16.c.o -c /Users/tejaswin.p/THIS_LAPTOP_projects/c00lHaX/mapping_init/github/build/CMakeFiles/CheckTypeSize/int16.c
/Users/tejaswin.p/THIS_LAPTOP_projects/c00lHaX/mapping_init/github/build/CMakeFiles/CheckTypeSize/int16.c:29:12: error: use of undeclared identifier 'INT16'
  ('0' + ((SIZE / 10000)%10)),
           ^
/Users/tejaswin.p/THIS_LAPTOP_projects/c00lHaX/mapping_init/github/build/CMakeFiles/CheckTypeSize/int16.c:27:22: note: expanded from macro 'SIZE'
#define SIZE (sizeof(INT16))
                     ^
/Users/tejaswin.p/THIS_LAPTOP_projects/c00lHaX/mapping_init/github/build/CMakeFiles/CheckTypeSize/int16.c:30:12: error: use of undeclared identifier 'INT16'
  ('0' + ((SIZE / 1000)%10)),
           ^
/Users/tejaswin.p/THIS_LAPTOP_projects/c00lHaX/mapping_init/github/build/CMakeFiles/CheckTypeSize/int16.c:27:22: note: expanded from macro 'SIZE'
#define SIZE (sizeof(INT16))
                     ^
/Users/tejaswin.p/THIS_LAPTOP_projects/c00lHaX/mapping_init/github/build/CMakeFiles/CheckTypeSize/int16.c:31:12: error: use of undeclared identifier 'INT16'
  ('0' + ((SIZE / 100)%10)),
           ^
/Users/tejaswin.p/THIS_LAPTOP_projects/c00lHaX/mapping_init/github/build/CMakeFiles/CheckTypeSize/int16.c:27:22: note: expanded from macro 'SIZE'
#define SIZE (sizeof(INT16))
                     ^
/Users/tejaswin.p/THIS_LAPTOP_projects/c00lHaX/mapping_init/github/build/CMakeFiles/CheckTypeSize/int16.c:32:12: error: use of undeclared identifier 'INT16'
  ('0' + ((SIZE / 10)%10)),
           ^
/Users/tejaswin.p/THIS_LAPTOP_projects/c00lHaX/mapping_init/github/build/CMakeFiles/CheckTypeSize/int16.c:27:22: note: expanded from macro 'SIZE'
#define SIZE (sizeof(INT16))
                     ^
/Users/tejaswin.p/THIS_LAPTOP_projects/c00lHaX/mapping_init/github/build/CMakeFiles/CheckTypeSize/int16.c:33:12: error: use of undeclared identifier 'INT16'
  ('0' +  (SIZE    % 10)),
           ^
/Users/tejaswin.p/THIS_LAPTOP_projects/c00lHaX/mapping_init/github/build/CMakeFiles/CheckTypeSize/int16.c:27:22: note: expanded from macro 'SIZE'
#define SIZE (sizeof(INT16))
                     ^
5 errors generated.
make[1]: *** [CMakeFiles/cmTC_0a13c.dir/int16.c.o] Error 1
make: *** [cmTC_0a13c/fast] Error 2


/Users/tejaswin.p/THIS_LAPTOP_projects/c00lHaX/mapping_init/github/build/CMakeFiles/CheckTypeSize/int16.c:
#include <sys/types.h>
#include <stdint.h>
#include <stddef.h>


#undef KEY
#if defined(__i386)
# define KEY '_','_','i','3','8','6'
#elif defined(__x86_64)
# define KEY '_','_','x','8','6','_','6','4'
#elif defined(__PPC64__)
# define KEY '_','_','P','P','C','6','4','_','_'
#elif defined(__ppc64__)
# define KEY '_','_','p','p','c','6','4','_','_'
#elif defined(__PPC__)
# define KEY '_','_','P','P','C','_','_'
#elif defined(__ppc__)
# define KEY '_','_','p','p','c','_','_'
#elif defined(__aarch64__)
# define KEY '_','_','a','a','r','c','h','6','4','_','_'
#elif defined(__ARM_ARCH_7A__)
# define KEY '_','_','A','R','M','_','A','R','C','H','_','7','A','_','_'
#elif defined(__ARM_ARCH_7S__)
# define KEY '_','_','A','R','M','_','A','R','C','H','_','7','S','_','_'
#endif

#define SIZE (sizeof(INT16))
static char info_size[] =  {'I', 'N', 'F', 'O', ':', 's','i','z','e','[',
  ('0' + ((SIZE / 10000)%10)),
  ('0' + ((SIZE / 1000)%10)),
  ('0' + ((SIZE / 100)%10)),
  ('0' + ((SIZE / 10)%10)),
  ('0' +  (SIZE    % 10)),
  ']',
#ifdef KEY
  ' ','k','e','y','[', KEY, ']',
#endif
  '\0'};

#ifdef __CLASSIC_C__
int main(argc, argv) int argc; char *argv[];
#else
int main(int argc, char *argv[])
#endif
{
  int require = 0;
  require += info_size[argc];
  (void)argv;
  return require;
}


Determining size of INT32 failed with the following output:
Change Dir: /Users/tejaswin.p/THIS_LAPTOP_projects/c00lHaX/mapping_init/github/build/CMakeFiles/CMakeTmp

Run Build Command(s):/usr/bin/make cmTC_5a2cd/fast && /Library/Developer/CommandLineTools/usr/bin/make  -f CMakeFiles/cmTC_5a2cd.dir/build.make CMakeFiles/cmTC_5a2cd.dir/build
Building C object CMakeFiles/cmTC_5a2cd.dir/int32.c.o
/Library/Developer/CommandLineTools/usr/bin/cc   -fsigned-char -W -Wall -Werror=return-type -Werror=non-virtual-dtor -Werror=address -Werror=sequence-point -Wformat -Werror=format-security -Wmissing-declarations -Wmissing-prototypes -Wstrict-prototypes -Wundef -Winit-self -Wpointer-arith -Wshadow -Wsign-promo -Wuninitialized -Winit-self -Wno-delete-non-virtual-dtor -Wno-unnamed-type-template-args -Wno-comment -fdiagnostics-show-option -Wno-long-long -Qunused-arguments -Wno-semicolon-before-method-body -ffunction-sections -fdata-sections  -fvisibility=hidden -fvisibility-inlines-hidden  -O3 -DNDEBUG  -DNDEBUG -isysroot /Library/Developer/CommandLineTools/SDKs/MacOSX10.14.sdk -fPIE -o CMakeFiles/cmTC_5a2cd.dir/int32.c.o -c /Users/tejaswin.p/THIS_LAPTOP_projects/c00lHaX/mapping_init/github/build/CMakeFiles/CheckTypeSize/int32.c
/Users/tejaswin.p/THIS_LAPTOP_projects/c00lHaX/mapping_init/github/build/CMakeFiles/CheckTypeSize/int32.c:29:12: error: use of undeclared identifier 'INT32'
  ('0' + ((SIZE / 10000)%10)),
           ^
/Users/tejaswin.p/THIS_LAPTOP_projects/c00lHaX/mapping_init/github/build/CMakeFiles/CheckTypeSize/int32.c:27:22: note: expanded from macro 'SIZE'
#define SIZE (sizeof(INT32))
                     ^
/Users/tejaswin.p/THIS_LAPTOP_projects/c00lHaX/mapping_init/github/build/CMakeFiles/CheckTypeSize/int32.c:30:12: error: use of undeclared identifier 'INT32'
  ('0' + ((SIZE / 1000)%10)),
           ^
/Users/tejaswin.p/THIS_LAPTOP_projects/c00lHaX/mapping_init/github/build/CMakeFiles/CheckTypeSize/int32.c:27:22: note: expanded from macro 'SIZE'
#define SIZE (sizeof(INT32))
                     ^
/Users/tejaswin.p/THIS_LAPTOP_projects/c00lHaX/mapping_init/github/build/CMakeFiles/CheckTypeSize/int32.c:31:12: error: use of undeclared identifier 'INT32'
  ('0' + ((SIZE / 100)%10)),
           ^
/Users/tejaswin.p/THIS_LAPTOP_projects/c00lHaX/mapping_init/github/build/CMakeFiles/CheckTypeSize/int32.c:27:22: note: expanded from macro 'SIZE'
#define SIZE (sizeof(INT32))
                     ^
/Users/tejaswin.p/THIS_LAPTOP_projects/c00lHaX/mapping_init/github/build/CMakeFiles/CheckTypeSize/int32.c:32:12: error: use of undeclared identifier 'INT32'
  ('0' + ((SIZE / 10)%10)),
           ^
/Users/tejaswin.p/THIS_LAPTOP_projects/c00lHaX/mapping_init/github/build/CMakeFiles/CheckTypeSize/int32.c:27:22: note: expanded from macro 'SIZE'
#define SIZE (sizeof(INT32))
                     ^
/Users/tejaswin.p/THIS_LAPTOP_projects/c00lHaX/mapping_init/github/build/CMakeFiles/CheckTypeSize/int32.c:33:12: error: use of undeclared identifier 'INT32'
  ('0' +  (SIZE    % 10)),
           ^
/Users/tejaswin.p/THIS_LAPTOP_projects/c00lHaX/mapping_init/github/build/CMakeFiles/CheckTypeSize/int32.c:27:22: note: expanded from macro 'SIZE'
#define SIZE (sizeof(INT32))
                     ^
5 errors generated.
make[1]: *** [CMakeFiles/cmTC_5a2cd.dir/int32.c.o] Error 1
make: *** [cmTC_5a2cd/fast] Error 2


/Users/tejaswin.p/THIS_LAPTOP_projects/c00lHaX/mapping_init/github/build/CMakeFiles/CheckTypeSize/int32.c:
#include <sys/types.h>
#include <stdint.h>
#include <stddef.h>


#undef KEY
#if defined(__i386)
# define KEY '_','_','i','3','8','6'
#elif defined(__x86_64)
# define KEY '_','_','x','8','6','_','6','4'
#elif defined(__PPC64__)
# define KEY '_','_','P','P','C','6','4','_','_'
#elif defined(__ppc64__)
# define KEY '_','_','p','p','c','6','4','_','_'
#elif defined(__PPC__)
# define KEY '_','_','P','P','C','_','_'
#elif defined(__ppc__)
# define KEY '_','_','p','p','c','_','_'
#elif defined(__aarch64__)
# define KEY '_','_','a','a','r','c','h','6','4','_','_'
#elif defined(__ARM_ARCH_7A__)
# define KEY '_','_','A','R','M','_','A','R','C','H','_','7','A','_','_'
#elif defined(__ARM_ARCH_7S__)
# define KEY '_','_','A','R','M','_','A','R','C','H','_','7','S','_','_'
#endif

#define SIZE (sizeof(INT32))
static char info_size[] =  {'I', 'N', 'F', 'O', ':', 's','i','z','e','[',
  ('0' + ((SIZE / 10000)%10)),
  ('0' + ((SIZE / 1000)%10)),
  ('0' + ((SIZE / 100)%10)),
  ('0' + ((SIZE / 10)%10)),
  ('0' +  (SIZE    % 10)),
  ']',
#ifdef KEY
  ' ','k','e','y','[', KEY, ']',
#endif
  '\0'};

#ifdef __CLASSIC_C__
int main(argc, argv) int argc; char *argv[];
#else
int main(int argc, char *argv[])
#endif
{
  int require = 0;
  require += info_size[argc];
  (void)argv;
  return require;
}


Build output check failed:
    Regex: 'unknown .*option'
    Output line: 'warning: unknown warning option '-Wno-unused-but-set-variable', did you mean '-Wno-unused-const-variable'? [-Wunknown-warning-option]'
Compilation failed:
    source file: '/Users/tejaswin.p/THIS_LAPTOP_projects/c00lHaX/mapping_init/github/build/CMakeFiles/CMakeTmp/src.c'
    check option: ' -Wno-unused-but-set-variable'
===== BUILD LOG =====
Change Dir: /Users/tejaswin.p/THIS_LAPTOP_projects/c00lHaX/mapping_init/github/build/CMakeFiles/CMakeTmp

Run Build Command(s):/usr/bin/make cmTC_87aab/fast && /Library/Developer/CommandLineTools/usr/bin/make  -f CMakeFiles/cmTC_87aab.dir/build.make CMakeFiles/cmTC_87aab.dir/build
Building C object CMakeFiles/cmTC_87aab.dir/src.c.o
/Library/Developer/CommandLineTools/usr/bin/cc   -fsigned-char -W -Wall -Werror=return-type -Werror=non-virtual-dtor -Werror=address -Werror=sequence-point -Wformat -Werror=format-security -Wmissing-declarations -Wmissing-prototypes -Wstrict-prototypes -Wundef -Winit-self -Wpointer-arith -Wshadow -Wsign-promo -Wuninitialized -Winit-self -Wno-delete-non-virtual-dtor -Wno-unnamed-type-template-args -Wno-comment -fdiagnostics-show-option -Wno-long-long -Qunused-arguments -Wno-semicolon-before-method-body -ffunction-sections -fdata-sections  -fvisibility=hidden -fvisibility-inlines-hidden  -O3 -DNDEBUG  -DNDEBUG -isysroot /Library/Developer/CommandLineTools/SDKs/MacOSX10.14.sdk -fPIE    -Wno-unused-but-set-variable -o CMakeFiles/cmTC_87aab.dir/src.c.o -c /Users/tejaswin.p/THIS_LAPTOP_projects/c00lHaX/mapping_init/github/build/CMakeFiles/CMakeTmp/src.c
warning: unknown warning option '-Wno-unused-but-set-variable'; did you mean '-Wno-unused-const-variable'? [-Wunknown-warning-option]
/Users/tejaswin.p/THIS_LAPTOP_projects/c00lHaX/mapping_init/github/build/CMakeFiles/CMakeTmp/src.c:1:8: warning: unknown pragma ignored [-Wunknown-pragmas]
#pragma
       ^
2 warnings generated.
Linking C executable cmTC_87aab
/usr/local/Cellar/cmake/3.18.4/bin/cmake -E cmake_link_script CMakeFiles/cmTC_87aab.dir/link.txt --verbose=1
/Library/Developer/CommandLineTools/usr/bin/cc    -fsigned-char -W -Wall -Werror=return-type -Werror=non-virtual-dtor -Werror=address -Werror=sequence-point -Wformat -Werror=format-security -Wmissing-declarations -Wmissing-prototypes -Wstrict-prototypes -Wundef -Winit-self -Wpointer-arith -Wshadow -Wsign-promo -Wuninitialized -Winit-self -Wno-delete-non-virtual-dtor -Wno-unnamed-type-template-args -Wno-comment -fdiagnostics-show-option -Wno-long-long -Qunused-arguments -Wno-semicolon-before-method-body -ffunction-sections -fdata-sections  -fvisibility=hidden -fvisibility-inlines-hidden  -O3 -DNDEBUG  -DNDEBUG -isysroot /Library/Developer/CommandLineTools/SDKs/MacOSX10.14.sdk -Wl,-search_paths_first -Wl,-headerpad_max_install_names   -Wl,-dead_strip  CMakeFiles/cmTC_87aab.dir/src.c.o -o cmTC_87aab 


===== END =====

Build output check failed:
    Regex: 'unknown .*option'
    Output line: 'warning: unknown warning option '-Wno-maybe-uninitialized', did you mean '-Wno-uninitialized'? [-Wunknown-warning-option]'
Compilation failed:
    source file: '/Users/tejaswin.p/THIS_LAPTOP_projects/c00lHaX/mapping_init/github/build/CMakeFiles/CMakeTmp/src.c'
    check option: ' -Wno-maybe-uninitialized'
===== BUILD LOG =====
Change Dir: /Users/tejaswin.p/THIS_LAPTOP_projects/c00lHaX/mapping_init/github/build/CMakeFiles/CMakeTmp

Run Build Command(s):/usr/bin/make cmTC_f771e/fast && /Library/Developer/CommandLineTools/usr/bin/make  -f CMakeFiles/cmTC_f771e.dir/build.make CMakeFiles/cmTC_f771e.dir/build
Building C object CMakeFiles/cmTC_f771e.dir/src.c.o
/Library/Developer/CommandLineTools/usr/bin/cc   -fsigned-char -W -Wall -Werror=return-type -Werror=non-virtual-dtor -Werror=address -Werror=sequence-point -Wformat -Werror=format-security -Wstrict-prototypes -Winit-self -Wpointer-arith -Wsign-promo -Wuninitialized -Winit-self -Wno-delete-non-virtual-dtor -Wno-unnamed-type-template-args -Wno-comment -fdiagnostics-show-option -Wno-long-long -Qunused-arguments -Wno-semicolon-before-method-body -ffunction-sections -fdata-sections  -fvisibility=hidden -fvisibility-inlines-hidden -Wno-missing-prototypes -Wno-missing-declarations -Wno-undef -Wno-unused -Wno-sign-compare -Wno-cast-align -Wno-shadow  -O3 -DNDEBUG  -DNDEBUG -isysroot /Library/Developer/CommandLineTools/SDKs/MacOSX10.14.sdk -fPIE    -Wno-maybe-uninitialized -o CMakeFiles/cmTC_f771e.dir/src.c.o -c /Users/tejaswin.p/THIS_LAPTOP_projects/c00lHaX/mapping_init/github/build/CMakeFiles/CMakeTmp/src.c
warning: unknown warning option '-Wno-maybe-uninitialized'; did you mean '-Wno-uninitialized'? [-Wunknown-warning-option]
/Users/tejaswin.p/THIS_LAPTOP_projects/c00lHaX/mapping_init/github/build/CMakeFiles/CMakeTmp/src.c:1:8: warning: unknown pragma ignored [-Wunknown-pragmas]
#pragma
       ^
2 warnings generated.
Linking C executable cmTC_f771e
/usr/local/Cellar/cmake/3.18.4/bin/cmake -E cmake_link_script CMakeFiles/cmTC_f771e.dir/link.txt --verbose=1
/Library/Developer/CommandLineTools/usr/bin/cc    -fsigned-char -W -Wall -Werror=return-type -Werror=non-virtual-dtor -Werror=address -Werror=sequence-point -Wformat -Werror=format-security -Wstrict-prototypes -Winit-self -Wpointer-arith -Wsign-promo -Wuninitialized -Winit-self -Wno-delete-non-virtual-dtor -Wno-unnamed-type-template-args -Wno-comment -fdiagnostics-show-option -Wno-long-long -Qunused-arguments -Wno-semicolon-before-method-body -ffunction-sections -fdata-sections  -fvisibility=hidden -fvisibility-inlines-hidden -Wno-missing-prototypes -Wno-missing-declarations -Wno-undef -Wno-unused -Wno-sign-compare -Wno-cast-align -Wno-shadow  -O3 -DNDEBUG  -DNDEBUG -isysroot /Library/Developer/CommandLineTools/SDKs/MacOSX10.14.sdk -Wl,-search_paths_first -Wl,-headerpad_max_install_names   -Wl,-dead_strip  CMakeFiles/cmTC_f771e.dir/src.c.o -o cmTC_f771e 


===== END =====

Build output check failed:
    Regex: 'unknown .*option'
    Output line: 'warning: unknown warning option '-Wno-misleading-indentation', did you mean '-Wno-binding-in-condition'? [-Wunknown-warning-option]'
Compilation failed:
    source file: '/Users/tejaswin.p/THIS_LAPTOP_projects/c00lHaX/mapping_init/github/build/CMakeFiles/CMakeTmp/src.c'
    check option: ' -Wno-misleading-indentation'
===== BUILD LOG =====
Change Dir: /Users/tejaswin.p/THIS_LAPTOP_projects/c00lHaX/mapping_init/github/build/CMakeFiles/CMakeTmp

Run Build Command(s):/usr/bin/make cmTC_b3faf/fast && /Library/Developer/CommandLineTools/usr/bin/make  -f CMakeFiles/cmTC_b3faf.dir/build.make CMakeFiles/cmTC_b3faf.dir/build
Building C object CMakeFiles/cmTC_b3faf.dir/src.c.o
/Library/Developer/CommandLineTools/usr/bin/cc   -fsigned-char -W -Wall -Werror=return-type -Werror=non-virtual-dtor -Werror=address -Werror=sequence-point -Wformat -Werror=format-security -Wstrict-prototypes -Winit-self -Wpointer-arith -Wsign-promo -Wuninitialized -Winit-self -Wno-delete-non-virtual-dtor -Wno-unnamed-type-template-args -Wno-comment -fdiagnostics-show-option -Wno-long-long -Qunused-arguments -Wno-semicolon-before-method-body -ffunction-sections -fdata-sections  -fvisibility=hidden -fvisibility-inlines-hidden -Wno-missing-prototypes -Wno-missing-declarations -Wno-undef -Wno-unused -Wno-sign-compare -Wno-cast-align -Wno-shadow -Wno-pointer-to-int-cast -Wno-int-to-pointer-cast  -O3 -DNDEBUG  -DNDEBUG -isysroot /Library/Developer/CommandLineTools/SDKs/MacOSX10.14.sdk -fPIE    -Wno-misleading-indentation -o CMakeFiles/cmTC_b3faf.dir/src.c.o -c /Users/tejaswin.p/THIS_LAPTOP_projects/c00lHaX/mapping_init/github/build/CMakeFiles/CMakeTmp/src.c
warning: unknown warning option '-Wno-misleading-indentation'; did you mean '-Wno-binding-in-condition'? [-Wunknown-warning-option]
/Users/tejaswin.p/THIS_LAPTOP_projects/c00lHaX/mapping_init/github/build/CMakeFiles/CMakeTmp/src.c:1:8: warning: unknown pragma ignored [-Wunknown-pragmas]
#pragma
       ^
2 warnings generated.
Linking C executable cmTC_b3faf
/usr/local/Cellar/cmake/3.18.4/bin/cmake -E cmake_link_script CMakeFiles/cmTC_b3faf.dir/link.txt --verbose=1
/Library/Developer/CommandLineTools/usr/bin/cc    -fsigned-char -W -Wall -Werror=return-type -Werror=non-virtual-dtor -Werror=address -Werror=sequence-point -Wformat -Werror=format-security -Wstrict-prototypes -Winit-self -Wpointer-arith -Wsign-promo -Wuninitialized -Winit-self -Wno-delete-non-virtual-dtor -Wno-unnamed-type-template-args -Wno-comment -fdiagnostics-show-option -Wno-long-long -Qunused-arguments -Wno-semicolon-before-method-body -ffunction-sections -fdata-sections  -fvisibility=hidden -fvisibility-inlines-hidden -Wno-missing-prototypes -Wno-missing-declarations -Wno-undef -Wno-unused -Wno-sign-compare -Wno-cast-align -Wno-shadow -Wno-pointer-to-int-cast -Wno-int-to-pointer-cast  -O3 -DNDEBUG  -DNDEBUG -isysroot /Library/Developer/CommandLineTools/SDKs/MacOSX10.14.sdk -Wl,-search_paths_first -Wl,-headerpad_max_install_names   -Wl,-dead_strip  CMakeFiles/cmTC_b3faf.dir/src.c.o -o cmTC_b3faf 


===== END =====

Determining if files malloc.h exist failed with the following output:
Change Dir: /Users/tejaswin.p/THIS_LAPTOP_projects/c00lHaX/mapping_init/github/build/CMakeFiles/CMakeTmp

Run Build Command(s):/usr/bin/make cmTC_5dd0a/fast && /Library/Developer/CommandLineTools/usr/bin/make  -f CMakeFiles/cmTC_5dd0a.dir/build.make CMakeFiles/cmTC_5dd0a.dir/build
Building C object CMakeFiles/cmTC_5dd0a.dir/OPJ_HAVE_MALLOC_H.c.o
/Library/Developer/CommandLineTools/usr/bin/cc   -fsigned-char -W -Wall -Werror=return-type -Werror=non-virtual-dtor -Werror=address -Werror=sequence-point -Wformat -Werror=format-security -Wmissing-declarations -Wmissing-prototypes -Wstrict-prototypes -Wundef -Winit-self -Wpointer-arith -Wshadow -Wsign-promo -Wuninitialized -Winit-self -Wno-delete-non-virtual-dtor -Wno-unnamed-type-template-args -Wno-comment -fdiagnostics-show-option -Wno-long-long -Qunused-arguments -Wno-semicolon-before-method-body -ffunction-sections -fdata-sections  -fvisibility=hidden -fvisibility-inlines-hidden  -O3 -DNDEBUG  -DNDEBUG -isysroot /Library/Developer/CommandLineTools/SDKs/MacOSX10.14.sdk -fPIE -o CMakeFiles/cmTC_5dd0a.dir/OPJ_HAVE_MALLOC_H.c.o -c /Users/tejaswin.p/THIS_LAPTOP_projects/c00lHaX/mapping_init/github/build/CMakeFiles/CheckIncludeFiles/OPJ_HAVE_MALLOC_H.c
/Users/tejaswin.p/THIS_LAPTOP_projects/c00lHaX/mapping_init/github/build/CMakeFiles/CheckIncludeFiles/OPJ_HAVE_MALLOC_H.c:2:10: fatal error: 'malloc.h' file not found
#include <malloc.h>
         ^~~~~~~~~~
1 error generated.
make[1]: *** [CMakeFiles/cmTC_5dd0a.dir/OPJ_HAVE_MALLOC_H.c.o] Error 1
make: *** [cmTC_5dd0a/fast] Error 2


Source:
/* */
#include <malloc.h>


int main(void){return 0;}

Determining if the _aligned_malloc exist failed with the following output:
Change Dir: /Users/tejaswin.p/THIS_LAPTOP_projects/c00lHaX/mapping_init/github/build/CMakeFiles/CMakeTmp

Run Build Command(s):/usr/bin/make cmTC_4e340/fast && /Library/Developer/CommandLineTools/usr/bin/make  -f CMakeFiles/cmTC_4e340.dir/build.make CMakeFiles/cmTC_4e340.dir/build
Building C object CMakeFiles/cmTC_4e340.dir/CheckSymbolExists.c.o
/Library/Developer/CommandLineTools/usr/bin/cc   -fsigned-char -W -Wall -Werror=return-type -Werror=non-virtual-dtor -Werror=address -Werror=sequence-point -Wformat -Werror=format-security -Wmissing-declarations -Wmissing-prototypes -Wstrict-prototypes -Wundef -Winit-self -Wpointer-arith -Wshadow -Wsign-promo -Wuninitialized -Winit-self -Wno-delete-non-virtual-dtor -Wno-unnamed-type-template-args -Wno-comment -fdiagnostics-show-option -Wno-long-long -Qunused-arguments -Wno-semicolon-before-method-body -ffunction-sections -fdata-sections  -fvisibility=hidden -fvisibility-inlines-hidden  -O3 -DNDEBUG  -DNDEBUG -isysroot /Library/Developer/CommandLineTools/SDKs/MacOSX10.14.sdk -fPIE -o CMakeFiles/cmTC_4e340.dir/CheckSymbolExists.c.o -c /Users/tejaswin.p/THIS_LAPTOP_projects/c00lHaX/mapping_init/github/build/CMakeFiles/CMakeTmp/CheckSymbolExists.c
/Users/tejaswin.p/THIS_LAPTOP_projects/c00lHaX/mapping_init/github/build/CMakeFiles/CMakeTmp/CheckSymbolExists.c:2:10: fatal error: 'malloc.h' file not found
#include <malloc.h>
         ^~~~~~~~~~
1 error generated.
make[1]: *** [CMakeFiles/cmTC_4e340.dir/CheckSymbolExists.c.o] Error 1
make: *** [cmTC_4e340/fast] Error 2


File /Users/tejaswin.p/THIS_LAPTOP_projects/c00lHaX/mapping_init/github/build/CMakeFiles/CMakeTmp/CheckSymbolExists.c:
/* */
#include <malloc.h>

int main(int argc, char** argv)
{
  (void)argv;
#ifndef _aligned_malloc
  return ((int*)(&_aligned_malloc))[argc];
#else
  (void)argc;
  return 0;
#endif
}
Determining if the memalign exist failed with the following output:
Change Dir: /Users/tejaswin.p/THIS_LAPTOP_projects/c00lHaX/mapping_init/github/build/CMakeFiles/CMakeTmp

Run Build Command(s):/usr/bin/make cmTC_9025a/fast && /Library/Developer/CommandLineTools/usr/bin/make  -f CMakeFiles/cmTC_9025a.dir/build.make CMakeFiles/cmTC_9025a.dir/build
Building C object CMakeFiles/cmTC_9025a.dir/CheckSymbolExists.c.o
/Library/Developer/CommandLineTools/usr/bin/cc   -fsigned-char -W -Wall -Werror=return-type -Werror=non-virtual-dtor -Werror=address -Werror=sequence-point -Wformat -Werror=format-security -Wmissing-declarations -Wmissing-prototypes -Wstrict-prototypes -Wundef -Winit-self -Wpointer-arith -Wshadow -Wsign-promo -Wuninitialized -Winit-self -Wno-delete-non-virtual-dtor -Wno-unnamed-type-template-args -Wno-comment -fdiagnostics-show-option -Wno-long-long -Qunused-arguments -Wno-semicolon-before-method-body -ffunction-sections -fdata-sections  -fvisibility=hidden -fvisibility-inlines-hidden  -O3 -DNDEBUG  -DNDEBUG -isysroot /Library/Developer/CommandLineTools/SDKs/MacOSX10.14.sdk -fPIE -o CMakeFiles/cmTC_9025a.dir/CheckSymbolExists.c.o -c /Users/tejaswin.p/THIS_LAPTOP_projects/c00lHaX/mapping_init/github/build/CMakeFiles/CMakeTmp/CheckSymbolExists.c
/Users/tejaswin.p/THIS_LAPTOP_projects/c00lHaX/mapping_init/github/build/CMakeFiles/CMakeTmp/CheckSymbolExists.c:2:10: fatal error: 'malloc.h' file not found
#include <malloc.h>
         ^~~~~~~~~~
1 error generated.
make[1]: *** [CMakeFiles/cmTC_9025a.dir/CheckSymbolExists.c.o] Error 1
make: *** [cmTC_9025a/fast] Error 2


File /Users/tejaswin.p/THIS_LAPTOP_projects/c00lHaX/mapping_init/github/build/CMakeFiles/CMakeTmp/CheckSymbolExists.c:
/* */
#include <malloc.h>

int main(int argc, char** argv)
{
  (void)argv;
#ifndef memalign
  return ((int*)(&memalign))[argc];
#else
  (void)argc;
  return 0;
#endif
}
Build output check failed:
    Regex: 'unknown .*option'
    Output line: 'warning: unknown warning option '-Wno-cast-function-type', did you mean '-Wno-bad-function-cast'? [-Wunknown-warning-option]'
Compilation failed:
    source file: '/Users/tejaswin.p/THIS_LAPTOP_projects/c00lHaX/mapping_init/github/build/CMakeFiles/CMakeTmp/src.c'
    check option: ' -Wno-cast-function-type'
===== BUILD LOG =====
Change Dir: /Users/tejaswin.p/THIS_LAPTOP_projects/c00lHaX/mapping_init/github/build/CMakeFiles/CMakeTmp

Run Build Command(s):/usr/bin/make cmTC_6575f/fast && /Library/Developer/CommandLineTools/usr/bin/make  -f CMakeFiles/cmTC_6575f.dir/build.make CMakeFiles/cmTC_6575f.dir/build
Building C object CMakeFiles/cmTC_6575f.dir/src.c.o
/Library/Developer/CommandLineTools/usr/bin/cc   -fsigned-char -W -Wall -Werror=return-type -Werror=non-virtual-dtor -Werror=address -Werror=sequence-point -Wformat -Werror=format-security -Wmissing-declarations -Wmissing-prototypes -Winit-self -Wpointer-arith -Wshadow -Wsign-promo -Wuninitialized -Winit-self -Wno-delete-non-virtual-dtor -Wno-unnamed-type-template-args -Wno-comment -fdiagnostics-show-option -Wno-long-long -Qunused-arguments -Wno-semicolon-before-method-body -ffunction-sections -fdata-sections  -fvisibility=hidden -fvisibility-inlines-hidden -Wno-undef -Wno-strict-prototypes  -O3 -DNDEBUG  -DNDEBUG -isysroot /Library/Developer/CommandLineTools/SDKs/MacOSX10.14.sdk -fPIE    -Wno-cast-function-type -o CMakeFiles/cmTC_6575f.dir/src.c.o -c /Users/tejaswin.p/THIS_LAPTOP_projects/c00lHaX/mapping_init/github/build/CMakeFiles/CMakeTmp/src.c
warning: unknown warning option '-Wno-cast-function-type'; did you mean '-Wno-bad-function-cast'? [-Wunknown-warning-option]
/Users/tejaswin.p/THIS_LAPTOP_projects/c00lHaX/mapping_init/github/build/CMakeFiles/CMakeTmp/src.c:1:8: warning: unknown pragma ignored [-Wunknown-pragmas]
#pragma
       ^
2 warnings generated.
Linking C executable cmTC_6575f
/usr/local/Cellar/cmake/3.18.4/bin/cmake -E cmake_link_script CMakeFiles/cmTC_6575f.dir/link.txt --verbose=1
/Library/Developer/CommandLineTools/usr/bin/cc    -fsigned-char -W -Wall -Werror=return-type -Werror=non-virtual-dtor -Werror=address -Werror=sequence-point -Wformat -Werror=format-security -Wmissing-declarations -Wmissing-prototypes -Winit-self -Wpointer-arith -Wshadow -Wsign-promo -Wuninitialized -Winit-self -Wno-delete-non-virtual-dtor -Wno-unnamed-type-template-args -Wno-comment -fdiagnostics-show-option -Wno-long-long -Qunused-arguments -Wno-semicolon-before-method-body -ffunction-sections -fdata-sections  -fvisibility=hidden -fvisibility-inlines-hidden -Wno-undef -Wno-strict-prototypes  -O3 -DNDEBUG  -DNDEBUG -isysroot /Library/Developer/CommandLineTools/SDKs/MacOSX10.14.sdk -Wl,-search_paths_first -Wl,-headerpad_max_install_names   -Wl,-dead_strip  CMakeFiles/cmTC_6575f.dir/src.c.o -o cmTC_6575f 


===== END =====

Build output check failed:
    Regex: 'unknown .*option'
    Output line: 'warning: unknown warning option '-Wno-misleading-indentation', did you mean '-Wno-binding-in-condition'? [-Wunknown-warning-option]'
Compilation failed:
    source file: '/Users/tejaswin.p/THIS_LAPTOP_projects/c00lHaX/mapping_init/github/build/CMakeFiles/CMakeTmp/src.cxx'
    check option: ' -Wno-misleading-indentation'
===== BUILD LOG =====
Change Dir: /Users/tejaswin.p/THIS_LAPTOP_projects/c00lHaX/mapping_init/github/build/CMakeFiles/CMakeTmp

Run Build Command(s):/usr/bin/make cmTC_e2908/fast && /Library/Developer/CommandLineTools/usr/bin/make  -f CMakeFiles/cmTC_e2908.dir/build.make CMakeFiles/cmTC_e2908.dir/build
Building CXX object CMakeFiles/cmTC_e2908.dir/src.cxx.o
/Library/Developer/CommandLineTools/usr/bin/c++   -fsigned-char -W -Wall -Werror=return-type -Werror=non-virtual-dtor -Werror=address -Werror=sequence-point -Wformat -Werror=format-security -Wmissing-prototypes -Wstrict-prototypes -Winit-self -Wpointer-arith -Wsign-promo -Winit-self -Wno-delete-non-virtual-dtor -Wno-unnamed-type-template-args -Wno-comment -fdiagnostics-show-option -Wno-long-long -Qunused-arguments -Wno-semicolon-before-method-body -ffunction-sections -fdata-sections  -fvisibility=hidden -fvisibility-inlines-hidden -Wno-shadow -Wno-unused -Wno-sign-compare -Wno-undef -Wno-missing-declarations -Wno-uninitialized -Wno-switch -Wno-parentheses -Wno-array-bounds -Wno-extra -Wno-deprecated-declarations  -O3 -DNDEBUG  -DNDEBUG -isysroot /Library/Developer/CommandLineTools/SDKs/MacOSX10.14.sdk -fPIE    -Wno-misleading-indentation -std=c++11 -o CMakeFiles/cmTC_e2908.dir/src.cxx.o -c /Users/tejaswin.p/THIS_LAPTOP_projects/c00lHaX/mapping_init/github/build/CMakeFiles/CMakeTmp/src.cxx
warning: unknown warning option '-Wno-misleading-indentation'; did you mean '-Wno-binding-in-condition'? [-Wunknown-warning-option]
/Users/tejaswin.p/THIS_LAPTOP_projects/c00lHaX/mapping_init/github/build/CMakeFiles/CMakeTmp/src.cxx:1:8: warning: unknown pragma ignored [-Wunknown-pragmas]
#pragma
       ^
2 warnings generated.
Linking CXX executable cmTC_e2908
/usr/local/Cellar/cmake/3.18.4/bin/cmake -E cmake_link_script CMakeFiles/cmTC_e2908.dir/link.txt --verbose=1
/Library/Developer/CommandLineTools/usr/bin/c++    -fsigned-char -W -Wall -Werror=return-type -Werror=non-virtual-dtor -Werror=address -Werror=sequence-point -Wformat -Werror=format-security -Wmissing-prototypes -Wstrict-prototypes -Winit-self -Wpointer-arith -Wsign-promo -Winit-self -Wno-delete-non-virtual-dtor -Wno-unnamed-type-template-args -Wno-comment -fdiagnostics-show-option -Wno-long-long -Qunused-arguments -Wno-semicolon-before-method-body -ffunction-sections -fdata-sections  -fvisibility=hidden -fvisibility-inlines-hidden -Wno-shadow -Wno-unused -Wno-sign-compare -Wno-undef -Wno-missing-declarations -Wno-uninitialized -Wno-switch -Wno-parentheses -Wno-array-bounds -Wno-extra -Wno-deprecated-declarations  -O3 -DNDEBUG  -DNDEBUG -isysroot /Library/Developer/CommandLineTools/SDKs/MacOSX10.14.sdk -Wl,-search_paths_first -Wl,-headerpad_max_install_names   -Wl,-dead_strip  CMakeFiles/cmTC_e2908.dir/src.cxx.o -o cmTC_e2908 


===== END =====

Build output check failed:
    Regex: 'unknown .*option'
    Output line: 'warning: unknown warning option '-Wno-suggest-override', did you mean '-Wno-shift-overflow'? [-Wunknown-warning-option]'
Compilation failed:
    source file: '/Users/tejaswin.p/THIS_LAPTOP_projects/c00lHaX/mapping_init/github/build/CMakeFiles/CMakeTmp/src.cxx'
    check option: ' -Wno-suggest-override'
===== BUILD LOG =====
Change Dir: /Users/tejaswin.p/THIS_LAPTOP_projects/c00lHaX/mapping_init/github/build/CMakeFiles/CMakeTmp

Run Build Command(s):/usr/bin/make cmTC_064c1/fast && /Library/Developer/CommandLineTools/usr/bin/make  -f CMakeFiles/cmTC_064c1.dir/build.make CMakeFiles/cmTC_064c1.dir/build
Building CXX object CMakeFiles/cmTC_064c1.dir/src.cxx.o
/Library/Developer/CommandLineTools/usr/bin/c++   -fsigned-char -W -Wall -Werror=return-type -Werror=non-virtual-dtor -Werror=address -Werror=sequence-point -Wformat -Werror=format-security -Wmissing-prototypes -Wstrict-prototypes -Winit-self -Wpointer-arith -Wsign-promo -Winit-self -Wno-delete-non-virtual-dtor -Wno-unnamed-type-template-args -Wno-comment -fdiagnostics-show-option -Wno-long-long -Qunused-arguments -Wno-semicolon-before-method-body -ffunction-sections -fdata-sections  -fvisibility=hidden -fvisibility-inlines-hidden -Wno-shadow -Wno-unused -Wno-sign-compare -Wno-undef -Wno-missing-declarations -Wno-uninitialized -Wno-switch -Wno-parentheses -Wno-array-bounds -Wno-extra -Wno-deprecated-declarations -Wno-deprecated  -O3 -DNDEBUG  -DNDEBUG -isysroot /Library/Developer/CommandLineTools/SDKs/MacOSX10.14.sdk -fPIE    -Wno-suggest-override -std=c++11 -o CMakeFiles/cmTC_064c1.dir/src.cxx.o -c /Users/tejaswin.p/THIS_LAPTOP_projects/c00lHaX/mapping_init/github/build/CMakeFiles/CMakeTmp/src.cxx
warning: unknown warning option '-Wno-suggest-override'; did you mean '-Wno-shift-overflow'? [-Wunknown-warning-option]
/Users/tejaswin.p/THIS_LAPTOP_projects/c00lHaX/mapping_init/github/build/CMakeFiles/CMakeTmp/src.cxx:1:8: warning: unknown pragma ignored [-Wunknown-pragmas]
#pragma
       ^
2 warnings generated.
Linking CXX executable cmTC_064c1
/usr/local/Cellar/cmake/3.18.4/bin/cmake -E cmake_link_script CMakeFiles/cmTC_064c1.dir/link.txt --verbose=1
/Library/Developer/CommandLineTools/usr/bin/c++    -fsigned-char -W -Wall -Werror=return-type -Werror=non-virtual-dtor -Werror=address -Werror=sequence-point -Wformat -Werror=format-security -Wmissing-prototypes -Wstrict-prototypes -Winit-self -Wpointer-arith -Wsign-promo -Winit-self -Wno-delete-non-virtual-dtor -Wno-unnamed-type-template-args -Wno-comment -fdiagnostics-show-option -Wno-long-long -Qunused-arguments -Wno-semicolon-before-method-body -ffunction-sections -fdata-sections  -fvisibility=hidden -fvisibility-inlines-hidden -Wno-shadow -Wno-unused -Wno-sign-compare -Wno-undef -Wno-missing-declarations -Wno-uninitialized -Wno-switch -Wno-parentheses -Wno-array-bounds -Wno-extra -Wno-deprecated-declarations -Wno-deprecated  -O3 -DNDEBUG  -DNDEBUG -isysroot /Library/Developer/CommandLineTools/SDKs/MacOSX10.14.sdk -Wl,-search_paths_first -Wl,-headerpad_max_install_names   -Wl,-dead_strip  CMakeFiles/cmTC_064c1.dir/src.cxx.o -o cmTC_064c1 


===== END =====

Determining if the function sgemm_ exists failed with the following output:
Change Dir: /Users/tejaswin.p/THIS_LAPTOP_projects/c00lHaX/mapping_init/github/build/CMakeFiles/CMakeTmp

Run Build Command(s):/usr/bin/make cmTC_8f437/fast && /Library/Developer/CommandLineTools/usr/bin/make  -f CMakeFiles/cmTC_8f437.dir/build.make CMakeFiles/cmTC_8f437.dir/build
Building C object CMakeFiles/cmTC_8f437.dir/CheckFunctionExists.c.o
/Library/Developer/CommandLineTools/usr/bin/cc   -fsigned-char -W -Wall -Werror=return-type -Werror=non-virtual-dtor -Werror=address -Werror=sequence-point -Wformat -Werror=format-security -Wmissing-declarations -Wmissing-prototypes -Wstrict-prototypes -Wundef -Winit-self -Wpointer-arith -Wshadow -Wsign-promo -Wuninitialized -Winit-self -Wno-delete-non-virtual-dtor -Wno-unnamed-type-template-args -Wno-comment -fdiagnostics-show-option -Wno-long-long -Qunused-arguments -Wno-semicolon-before-method-body -ffunction-sections -fdata-sections  -fvisibility=hidden -fvisibility-inlines-hidden -DCHECK_FUNCTION_EXISTS=sgemm_ -O3 -DNDEBUG  -DNDEBUG -isysroot /Library/Developer/CommandLineTools/SDKs/MacOSX10.14.sdk -fPIE -o CMakeFiles/cmTC_8f437.dir/CheckFunctionExists.c.o -c /usr/local/Cellar/cmake/3.18.4/share/cmake/Modules/CheckFunctionExists.c
Linking C executable cmTC_8f437
/usr/local/Cellar/cmake/3.18.4/bin/cmake -E cmake_link_script CMakeFiles/cmTC_8f437.dir/link.txt --verbose=1
/Library/Developer/CommandLineTools/usr/bin/cc    -fsigned-char -W -Wall -Werror=return-type -Werror=non-virtual-dtor -Werror=address -Werror=sequence-point -Wformat -Werror=format-security -Wmissing-declarations -Wmissing-prototypes -Wstrict-prototypes -Wundef -Winit-self -Wpointer-arith -Wshadow -Wsign-promo -Wuninitialized -Winit-self -Wno-delete-non-virtual-dtor -Wno-unnamed-type-template-args -Wno-comment -fdiagnostics-show-option -Wno-long-long -Qunused-arguments -Wno-semicolon-before-method-body -ffunction-sections -fdata-sections  -fvisibility=hidden -fvisibility-inlines-hidden -DCHECK_FUNCTION_EXISTS=sgemm_ -O3 -DNDEBUG  -DNDEBUG -isysroot /Library/Developer/CommandLineTools/SDKs/MacOSX10.14.sdk -Wl,-search_paths_first -Wl,-headerpad_max_install_names   -Wl,-dead_strip  CMakeFiles/cmTC_8f437.dir/CheckFunctionExists.c.o -o cmTC_8f437 
Undefined symbols for architecture x86_64:
  "_sgemm_", referenced from:
      _main in CheckFunctionExists.c.o
ld: symbol(s) not found for architecture x86_64
clang: error: linker command failed with exit code 1 (use -v to see invocation)
make[1]: *** [cmTC_8f437] Error 1
make: *** [cmTC_8f437/fast] Error 2



Build output check failed:
    Regex: 'unknown .*option'
    Output line: 'warning: unknown warning option '-Wno-unused-but-set-variable', did you mean '-Wno-unused-const-variable'? [-Wunknown-warning-option]'
Compilation failed:
    source file: '/Users/tejaswin.p/THIS_LAPTOP_projects/c00lHaX/mapping_init/github/build/CMakeFiles/CMakeTmp/src.cxx'
    check option: ' -Wno-unused-but-set-variable'
===== BUILD LOG =====
Change Dir: /Users/tejaswin.p/THIS_LAPTOP_projects/c00lHaX/mapping_init/github/build/CMakeFiles/CMakeTmp

Run Build Command(s):/usr/bin/make cmTC_92bb8/fast && /Library/Developer/CommandLineTools/usr/bin/make  -f CMakeFiles/cmTC_92bb8.dir/build.make CMakeFiles/cmTC_92bb8.dir/build
Building CXX object CMakeFiles/cmTC_92bb8.dir/src.cxx.o
/Library/Developer/CommandLineTools/usr/bin/c++   -fsigned-char -W -Wall -Werror=return-type -Werror=non-virtual-dtor -Werror=address -Werror=sequence-point -Wformat -Werror=format-security -Wmissing-prototypes -Wstrict-prototypes -Winit-self -Wpointer-arith -Wsign-promo -Wuninitialized -Winit-self -Wno-delete-non-virtual-dtor -Wno-unnamed-type-template-args -Wno-comment -fdiagnostics-show-option -Wno-long-long -Qunused-arguments -Wno-semicolon-before-method-body -ffunction-sections -fdata-sections  -fvisibility=hidden -fvisibility-inlines-hidden -Wno-undef -Wno-shadow -Wno-sign-compare -Wno-missing-declarations  -O3 -DNDEBUG  -DNDEBUG -isysroot /Library/Developer/CommandLineTools/SDKs/MacOSX10.14.sdk -fPIE    -Wno-unused-but-set-variable -std=c++11 -o CMakeFiles/cmTC_92bb8.dir/src.cxx.o -c /Users/tejaswin.p/THIS_LAPTOP_projects/c00lHaX/mapping_init/github/build/CMakeFiles/CMakeTmp/src.cxx
warning: unknown warning option '-Wno-unused-but-set-variable'; did you mean '-Wno-unused-const-variable'? [-Wunknown-warning-option]
/Users/tejaswin.p/THIS_LAPTOP_projects/c00lHaX/mapping_init/github/build/CMakeFiles/CMakeTmp/src.cxx:1:8: warning: unknown pragma ignored [-Wunknown-pragmas]
#pragma
       ^
2 warnings generated.
Linking CXX executable cmTC_92bb8
/usr/local/Cellar/cmake/3.18.4/bin/cmake -E cmake_link_script CMakeFiles/cmTC_92bb8.dir/link.txt --verbose=1
/Library/Developer/CommandLineTools/usr/bin/c++    -fsigned-char -W -Wall -Werror=return-type -Werror=non-virtual-dtor -Werror=address -Werror=sequence-point -Wformat -Werror=format-security -Wmissing-prototypes -Wstrict-prototypes -Winit-self -Wpointer-arith -Wsign-promo -Wuninitialized -Winit-self -Wno-delete-non-virtual-dtor -Wno-unnamed-type-template-args -Wno-comment -fdiagnostics-show-option -Wno-long-long -Qunused-arguments -Wno-semicolon-before-method-body -ffunction-sections -fdata-sections  -fvisibility=hidden -fvisibility-inlines-hidden -Wno-undef -Wno-shadow -Wno-sign-compare -Wno-missing-declarations  -O3 -DNDEBUG  -DNDEBUG -isysroot /Library/Developer/CommandLineTools/SDKs/MacOSX10.14.sdk -Wl,-search_paths_first -Wl,-headerpad_max_install_names   -Wl,-dead_strip  CMakeFiles/cmTC_92bb8.dir/src.cxx.o -o cmTC_92bb8 


===== END =====

Determining if the CL_VERSION_2_2 exist failed with the following output:
Change Dir: /Users/tejaswin.p/THIS_LAPTOP_projects/c00lHaX/mapping_init/github/build/CMakeFiles/CMakeTmp

Run Build Command(s):/usr/bin/make cmTC_d1400/fast && /Library/Developer/CommandLineTools/usr/bin/make  -f CMakeFiles/cmTC_d1400.dir/build.make CMakeFiles/cmTC_d1400.dir/build
Building C object CMakeFiles/cmTC_d1400.dir/CheckSymbolExists.c.o
/Library/Developer/CommandLineTools/usr/bin/cc  -F/Library/Developer/CommandLineTools/SDKs/MacOSX10.14.sdk/System/Library/Frameworks -fsigned-char -W -Wall -Werror=return-type -Werror=non-virtual-dtor -Werror=address -Werror=sequence-point -Wformat -Werror=format-security -Wmissing-declarations -Wmissing-prototypes -Wstrict-prototypes -Wundef -Winit-self -Wpointer-arith -Wshadow -Wsign-promo -Wuninitialized -Winit-self -Wno-delete-non-virtual-dtor -Wno-unnamed-type-template-args -Wno-comment -fdiagnostics-show-option -Wno-long-long -Qunused-arguments -Wno-semicolon-before-method-body -ffunction-sections -fdata-sections  -fvisibility=hidden -fvisibility-inlines-hidden  -O3 -DNDEBUG  -DNDEBUG -isysroot /Library/Developer/CommandLineTools/SDKs/MacOSX10.14.sdk -fPIE -o CMakeFiles/cmTC_d1400.dir/CheckSymbolExists.c.o -c /Users/tejaswin.p/THIS_LAPTOP_projects/c00lHaX/mapping_init/github/build/CMakeFiles/CMakeTmp/CheckSymbolExists.c
/Users/tejaswin.p/THIS_LAPTOP_projects/c00lHaX/mapping_init/github/build/CMakeFiles/CMakeTmp/CheckSymbolExists.c:8:19: error: use of undeclared identifier 'CL_VERSION_2_2'
  return ((int*)(&CL_VERSION_2_2))[argc];
                  ^
1 error generated.
make[1]: *** [CMakeFiles/cmTC_d1400.dir/CheckSymbolExists.c.o] Error 1
make: *** [cmTC_d1400/fast] Error 2


File /Users/tejaswin.p/THIS_LAPTOP_projects/c00lHaX/mapping_init/github/build/CMakeFiles/CMakeTmp/CheckSymbolExists.c:
/* */
#include </Library/Developer/CommandLineTools/SDKs/MacOSX10.14.sdk/System/Library/Frameworks/OpenCL.framework/Headers/cl.h>

int main(int argc, char** argv)
{
  (void)argv;
#ifndef CL_VERSION_2_2
  return ((int*)(&CL_VERSION_2_2))[argc];
#else
  (void)argc;
  return 0;
#endif
}
Determining if the CL_VERSION_2_1 exist failed with the following output:
Change Dir: /Users/tejaswin.p/THIS_LAPTOP_projects/c00lHaX/mapping_init/github/build/CMakeFiles/CMakeTmp

Run Build Command(s):/usr/bin/make cmTC_ac714/fast && /Library/Developer/CommandLineTools/usr/bin/make  -f CMakeFiles/cmTC_ac714.dir/build.make CMakeFiles/cmTC_ac714.dir/build
Building C object CMakeFiles/cmTC_ac714.dir/CheckSymbolExists.c.o
/Library/Developer/CommandLineTools/usr/bin/cc  -F/Library/Developer/CommandLineTools/SDKs/MacOSX10.14.sdk/System/Library/Frameworks -fsigned-char -W -Wall -Werror=return-type -Werror=non-virtual-dtor -Werror=address -Werror=sequence-point -Wformat -Werror=format-security -Wmissing-declarations -Wmissing-prototypes -Wstrict-prototypes -Wundef -Winit-self -Wpointer-arith -Wshadow -Wsign-promo -Wuninitialized -Winit-self -Wno-delete-non-virtual-dtor -Wno-unnamed-type-template-args -Wno-comment -fdiagnostics-show-option -Wno-long-long -Qunused-arguments -Wno-semicolon-before-method-body -ffunction-sections -fdata-sections  -fvisibility=hidden -fvisibility-inlines-hidden  -O3 -DNDEBUG  -DNDEBUG -isysroot /Library/Developer/CommandLineTools/SDKs/MacOSX10.14.sdk -fPIE -o CMakeFiles/cmTC_ac714.dir/CheckSymbolExists.c.o -c /Users/tejaswin.p/THIS_LAPTOP_projects/c00lHaX/mapping_init/github/build/CMakeFiles/CMakeTmp/CheckSymbolExists.c
/Users/tejaswin.p/THIS_LAPTOP_projects/c00lHaX/mapping_init/github/build/CMakeFiles/CMakeTmp/CheckSymbolExists.c:8:19: error: use of undeclared identifier 'CL_VERSION_2_1'
  return ((int*)(&CL_VERSION_2_1))[argc];
                  ^
1 error generated.
make[1]: *** [CMakeFiles/cmTC_ac714.dir/CheckSymbolExists.c.o] Error 1
make: *** [cmTC_ac714/fast] Error 2


File /Users/tejaswin.p/THIS_LAPTOP_projects/c00lHaX/mapping_init/github/build/CMakeFiles/CMakeTmp/CheckSymbolExists.c:
/* */
#include </Library/Developer/CommandLineTools/SDKs/MacOSX10.14.sdk/System/Library/Frameworks/OpenCL.framework/Headers/cl.h>

int main(int argc, char** argv)
{
  (void)argv;
#ifndef CL_VERSION_2_1
  return ((int*)(&CL_VERSION_2_1))[argc];
#else
  (void)argc;
  return 0;
#endif
}
Determining if the CL_VERSION_2_0 exist failed with the following output:
Change Dir: /Users/tejaswin.p/THIS_LAPTOP_projects/c00lHaX/mapping_init/github/build/CMakeFiles/CMakeTmp

Run Build Command(s):/usr/bin/make cmTC_b3228/fast && /Library/Developer/CommandLineTools/usr/bin/make  -f CMakeFiles/cmTC_b3228.dir/build.make CMakeFiles/cmTC_b3228.dir/build
Building C object CMakeFiles/cmTC_b3228.dir/CheckSymbolExists.c.o
/Library/Developer/CommandLineTools/usr/bin/cc  -F/Library/Developer/CommandLineTools/SDKs/MacOSX10.14.sdk/System/Library/Frameworks -fsigned-char -W -Wall -Werror=return-type -Werror=non-virtual-dtor -Werror=address -Werror=sequence-point -Wformat -Werror=format-security -Wmissing-declarations -Wmissing-prototypes -Wstrict-prototypes -Wundef -Winit-self -Wpointer-arith -Wshadow -Wsign-promo -Wuninitialized -Winit-self -Wno-delete-non-virtual-dtor -Wno-unnamed-type-template-args -Wno-comment -fdiagnostics-show-option -Wno-long-long -Qunused-arguments -Wno-semicolon-before-method-body -ffunction-sections -fdata-sections  -fvisibility=hidden -fvisibility-inlines-hidden  -O3 -DNDEBUG  -DNDEBUG -isysroot /Library/Developer/CommandLineTools/SDKs/MacOSX10.14.sdk -fPIE -o CMakeFiles/cmTC_b3228.dir/CheckSymbolExists.c.o -c /Users/tejaswin.p/THIS_LAPTOP_projects/c00lHaX/mapping_init/github/build/CMakeFiles/CMakeTmp/CheckSymbolExists.c
/Users/tejaswin.p/THIS_LAPTOP_projects/c00lHaX/mapping_init/github/build/CMakeFiles/CMakeTmp/CheckSymbolExists.c:8:19: error: use of undeclared identifier 'CL_VERSION_2_0'
  return ((int*)(&CL_VERSION_2_0))[argc];
                  ^
1 error generated.
make[1]: *** [CMakeFiles/cmTC_b3228.dir/CheckSymbolExists.c.o] Error 1
make: *** [cmTC_b3228/fast] Error 2


File /Users/tejaswin.p/THIS_LAPTOP_projects/c00lHaX/mapping_init/github/build/CMakeFiles/CMakeTmp/CheckSymbolExists.c:
/* */
#include </Library/Developer/CommandLineTools/SDKs/MacOSX10.14.sdk/System/Library/Frameworks/OpenCL.framework/Headers/cl.h>

int main(int argc, char** argv)
{
  (void)argv;
#ifndef CL_VERSION_2_0
  return ((int*)(&CL_VERSION_2_0))[argc];
#else
  (void)argc;
  return 0;
#endif
}
